

Microchip MPLAB XC8 Assembler V2.32 build 20210201212658 
                                                                                               Mon Jul 12 13:53:02 2021

Microchip MPLAB XC8 C Compiler v2.32 (Free license) build 20210201212658 Og1 
     1                           	processor	18F4520
     2                           	fnconf	rparam,??,?,0
     3                           	pagewidth 120
     4                           	opt	flic
     5                           	psect	idataCOMRAM,global,class=CODE,delta=1,noexec
     6                           	psect	cinit,global,reloc=2,class=CODE,delta=1
     7                           	psect	bssCOMRAM,global,class=COMRAM,space=1,delta=1,lowdata,noexec
     8                           	psect	dataCOMRAM,global,class=COMRAM,space=1,delta=1,lowdata,noexec
     9                           	psect	bssBIGRAM,global,class=BIGRAM,space=1,delta=1,noexec
    10                           	psect	cstackCOMRAM,global,class=COMRAM,space=1,delta=1,lowdata,noexec
    11                           	psect	text0,global,reloc=2,class=CODE,delta=1
    12                           	psect	text1,global,reloc=2,class=CODE,delta=1
    13                           	psect	text2,global,reloc=2,class=CODE,delta=1
    14                           	psect	text3,global,reloc=2,class=CODE,delta=1
    15                           	psect	text4,global,reloc=2,class=CODE,delta=1,group=1
    16                           	psect	intcode,global,reloc=2,class=CODE,delta=1
    17                           	psect	intcode_body,global,reloc=2,class=CODE,delta=1
    18                           	psect	text6,global,reloc=2,class=CODE,delta=1
    19                           	psect	text7,global,reloc=2,class=CODE,delta=1
    20                           	psect	text8,global,reloc=2,class=CODE,delta=1,group=1
    21                           	psect	intsave_regs,global,class=BIGRAM,space=1,delta=1,noexec
    22                           	psect	rparam,global,class=COMRAM,space=1,delta=1,noexec
    23                           	psect	temp,global,ovrld,common,class=COMRAM,space=1,delta=1
    24                           	psect	idloc,global,abs,ovrld,class=IDLOC,space=5,delta=1,noexec
    25                           	psect	config,global,abs,ovrld,class=CONFIG,space=4,delta=1,noexec
    26  0000                     
    27                           ; Version 2.20
    28                           ; Generated 12/02/2020 GMT
    29                           ; 
    30                           ; Copyright © 2020, Microchip Technology Inc. and its subsidiaries ("Microchip")
    31                           ; All rights reserved.
    32                           ; 
    33                           ; This software is developed by Microchip Technology Inc. and its subsidiaries ("Microch
      +                          ip").
    34                           ; 
    35                           ; Redistribution and use in source and binary forms, with or without modification, are
    36                           ; permitted provided that the following conditions are met:
    37                           ; 
    38                           ;     1. Redistributions of source code must retain the above copyright notice, this lis
      +                          t of
    39                           ;        conditions and the following disclaimer.
    40                           ; 
    41                           ;     2. Redistributions in binary form must reproduce the above copyright notice, this 
      +                          list
    42                           ;        of conditions and the following disclaimer in the documentation and/or other
    43                           ;        materials provided with the distribution.
    44                           ; 
    45                           ;     3. Microchip's name may not be used to endorse or promote products derived from th
      +                          is
    46                           ;        software without specific prior written permission.
    47                           ; 
    48                           ; THIS SOFTWARE IS PROVIDED BY MICROCHIP "AS IS" AND ANY EXPRESS OR IMPLIED WARRANTIES,
    49                           ; INCLUDING, BUT NOT LIMITED TO, THE IMPLIED WARRANTIES OF MERCHANTABILITY AND FITNESS F
      +                          OR
    50                           ; PURPOSE ARE DISCLAIMED.  IN NO EVENT SHALL MICROCHIP BE LIABLE FOR ANY DIRECT, INDIREC
      +                          T,
    51                           ; INCIDENTAL, SPECIAL, EXEMPLARY, OR CONSEQUENTIAL DAMAGES (INCLUDING BUT NOT LIMITED TO
    52                           ; PROCUREMENT OF SUBSTITUTE GOODS OR SERVICES; LOSS OF USE, DATA OR PROFITS; OR BUSINESS
    53                           ; INTERRUPTION) HOWSOEVER CAUSED AND ON ANY THEORY OF LIABILITY, WHETHER IN CONTRACT, ST
      +                          RICT
    54                           ; LIABILITY, OR TORT (INCLUDING NEGLIGENCE OR OTHERWISE) ARISING IN ANY WAY OUT OF THE U
      +                          SE OF
    55                           ; THIS SOFTWARE, EVEN IF ADVISED OF THE POSSIBILITY OF SUCH DAMAGE.
    56                           ; 
    57                           ; 
    58                           ; Code-generator required, PIC18F4520 Definitions
    59                           ; 
    60                           ; SFR Addresses
    61  0000                     
    62 ;; Function _t1 is unused but had its address taken
    63  0000                     
    64 ;; Function _t2 is unused but had its address taken
    65  0000                     
    66 ;; Function _t3 is unused but had its address taken
    67  0000                     
    68                           	psect	idataCOMRAM
    69  000586                     __pidataCOMRAM:
    70                           	callstack 0
    71                           
    72                           ;initializer for _vez
    73  000586  FFFF               	dw	65535
    74  0000                     _TOS	set	4093
    75  0000                     _PORTDbits	set	3971
    76  0000                     _LATDbits	set	3980
    77  0000                     _TRISDbits	set	3989
    78  0000                     _T0CONbits	set	4053
    79  0000                     _TMR0L	set	4054
    80  0000                     _STKPTR	set	4092
    81  0000                     _INTCONbits	set	4082
    82                           
    83                           ; #config settings
    84                           
    85                           	psect	cinit
    86  0004B0                     __pcinit:
    87                           	callstack 0
    88  0004B0                     start_initialization:
    89                           	callstack 0
    90  0004B0                     __initialization:
    91                           	callstack 0
    92                           
    93                           ; Initialize objects allocated to COMRAM (2 bytes)
    94                           ; load TBLPTR registers with __pidataCOMRAM
    95  0004B0  0E86               	movlw	low __pidataCOMRAM
    96  0004B2  6EF6               	movwf	tblptrl,c
    97  0004B4  0E05               	movlw	high __pidataCOMRAM
    98  0004B6  6EF7               	movwf	tblptrh,c
    99  0004B8  0E00               	movlw	low (__pidataCOMRAM shr (0+16))
   100  0004BA  6EF8               	movwf	tblptru,c
   101  0004BC  0009               	tblrd		*+	;fetch initializer
   102  0004BE  CFF5 F01B          	movff	tablat,__pdataCOMRAM
   103  0004C2  0009               	tblrd		*+	;fetch initializer
   104  0004C4  CFF5 F01C          	movff	tablat,__pdataCOMRAM+1
   105                           
   106                           ; Clear objects allocated to BIGRAM (280 bytes)
   107  0004C8  EE04  F0E8         	lfsr	0,__pbssBIGRAM
   108  0004CC  EE11 F018          	lfsr	1,280
   109  0004D0                     clear_0:
   110  0004D0  6AEE               	clrf	postinc0,c
   111  0004D2  50E5               	movf	postdec1,w,c
   112  0004D4  50E1               	movf	fsr1l,w,c
   113  0004D6  E1FC               	bnz	clear_0
   114  0004D8  50E2               	movf	fsr1h,w,c
   115  0004DA  E1FA               	bnz	clear_0
   116                           
   117                           ; Clear objects allocated to COMRAM (2 bytes)
   118  0004DC  6A1A               	clrf	(__pbssCOMRAM+1)& (0+255),c
   119  0004DE  6A19               	clrf	__pbssCOMRAM& (0+255),c
   120  0004E0                     end_of_initialization:
   121                           	callstack 0
   122  0004E0                     __end_of__initialization:
   123                           	callstack 0
   124  0004E0  901D               	bcf	int$flags,0,c	;clear compiler interrupt flag (level 1)
   125  0004E2  921D               	bcf	int$flags,1,c	;clear compiler interrupt flag (level 2)
   126  0004E4  0100               	movlb	0
   127  0004E6  EF3C  F001         	goto	_main	;jump to C main() function
   128                           
   129                           	psect	bssCOMRAM
   130  000019                     __pbssCOMRAM:
   131                           	callstack 0
   132  000019                     _tasks_installed:
   133                           	callstack 0
   134  000019                     	ds	2
   135                           
   136                           	psect	dataCOMRAM
   137  00001B                     __pdataCOMRAM:
   138                           	callstack 0
   139  00001B                     _vez:
   140                           	callstack 0
   141  00001B                     	ds	2
   142                           
   143                           	psect	bssBIGRAM
   144  0004E8                     __pbssBIGRAM:
   145                           	callstack 0
   146  0004E8                     _FILA_TAREFAS:
   147                           	callstack 0
   148  0004E8                     	ds	280
   149                           
   150                           	psect	cstackCOMRAM
   151  000001                     __pcstackCOMRAM:
   152                           	callstack 0
   153  000001                     ?___awmod:
   154                           	callstack 0
   155  000001                     ?i2___wmul:
   156                           	callstack 0
   157  000001                     ___awmod@dividend:
   158                           	callstack 0
   159  000001                     i2___wmul@multiplier:
   160                           	callstack 0
   161                           
   162                           ; 2 bytes @ 0x0
   163  000001                     	ds	2
   164  000003                     ___awmod@divisor:
   165                           	callstack 0
   166  000003                     i2___wmul@multiplicand:
   167                           	callstack 0
   168                           
   169                           ; 2 bytes @ 0x2
   170  000003                     	ds	2
   171  000005                     ___awmod@counter:
   172                           	callstack 0
   173  000005                     i2___wmul@product:
   174                           	callstack 0
   175                           
   176                           ; 2 bytes @ 0x4
   177  000005                     	ds	1
   178  000006                     ___awmod@sign:
   179                           	callstack 0
   180                           
   181                           ; 1 bytes @ 0x5
   182  000006                     	ds	1
   183  000007                     ?_rr_scheduler:
   184                           	callstack 0
   185                           
   186                           ; 2 bytes @ 0x6
   187  000007                     	ds	2
   188  000009                     ??_ISR_timer:
   189                           
   190                           ; 1 bytes @ 0x8
   191  000009                     	ds	10
   192  000013                     ?___wmul:
   193                           	callstack 0
   194  000013                     ___wmul@multiplier:
   195                           	callstack 0
   196                           
   197                           ; 2 bytes @ 0x12
   198  000013                     	ds	2
   199  000015                     ___wmul@multiplicand:
   200                           	callstack 0
   201                           
   202                           ; 2 bytes @ 0x14
   203  000015                     	ds	2
   204  000017                     ___wmul@product:
   205                           	callstack 0
   206                           
   207                           ; 2 bytes @ 0x16
   208  000017                     	ds	2
   209  000019                     
   210                           ; 1 bytes @ 0x18
   211 ;;
   212 ;;Main: autosize = 0, tempsize = 0, incstack = 0, save=0
   213 ;;
   214 ;; *************** function _main *****************
   215 ;; Defined at:
   216 ;;		line 16 in file "main.c"
   217 ;; Parameters:    Size  Location     Type
   218 ;;		None
   219 ;; Auto vars:     Size  Location     Type
   220 ;;		None
   221 ;; Return value:  Size  Location     Type
   222 ;;                  2   22[None  ] int 
   223 ;; Registers used:
   224 ;;		wreg, fsr2l, fsr2h, status,2, status,0, prodl, prodh, cstack
   225 ;; Tracked objects:
   226 ;;		On entry : 0/0
   227 ;;		On exit  : 0/0
   228 ;;		Unchanged: 0/0
   229 ;; Data sizes:     COMRAM   BANK0   BANK1   BANK2   BANK3   BANK4   BANK5
   230 ;;      Params:         0       0       0       0       0       0       0
   231 ;;      Locals:         0       0       0       0       0       0       0
   232 ;;      Temps:          0       0       0       0       0       0       0
   233 ;;      Totals:         0       0       0       0       0       0       0
   234 ;;Total ram usage:        0 bytes
   235 ;; Hardware stack levels required when called: 4
   236 ;; This function calls:
   237 ;;		___wmul
   238 ;;		_config_timer
   239 ;;		_config_user_tasks
   240 ;;		_start_kernel
   241 ;; This function is called by:
   242 ;;		Startup code after reset
   243 ;; This function uses a non-reentrant model
   244 ;;
   245                           
   246                           	psect	text0
   247  000278                     __ptext0:
   248                           	callstack 0
   249  000278                     _main:
   250                           	callstack 27
   251  000278                     
   252                           ;main.c: 19:    config_user_tasks();
   253  000278  ECBC  F002         	call	_config_user_tasks	;wreg free
   254  00027C                     
   255                           ;main.c: 22:    FILA_TAREFAS[tasks_installed].task_id = 1;
   256  00027C  C019  F013         	movff	_tasks_installed,___wmul@multiplier
   257  000280  C01A  F014         	movff	_tasks_installed+1,___wmul@multiplier+1
   258  000284  0E00               	movlw	0
   259  000286  6E16               	movwf	(___wmul@multiplicand+1)^0,c
   260  000288  0E46               	movlw	70
   261  00028A  6E15               	movwf	___wmul@multiplicand^0,c
   262  00028C  EC8A  F002         	call	___wmul	;wreg free
   263  000290  0EE8               	movlw	low _FILA_TAREFAS
   264  000292  2413               	addwf	?___wmul^0,w,c
   265  000294  6ED9               	movwf	fsr2l,c
   266  000296  0E04               	movlw	high _FILA_TAREFAS
   267  000298  2014               	addwfc	(?___wmul+1)^0,w,c
   268  00029A  6EDA               	movwf	fsr2h,c
   269  00029C  0E01               	movlw	1
   270  00029E  6EDE               	movwf	postinc2,c
   271  0002A0  0E00               	movlw	0
   272  0002A2  6EDD               	movwf	postdec2,c
   273  0002A4                     
   274                           ;main.c: 23:    FILA_TAREFAS[tasks_installed].task_ptr = t1;
   275  0002A4  C019  F013         	movff	_tasks_installed,___wmul@multiplier
   276  0002A8  C01A  F014         	movff	_tasks_installed+1,___wmul@multiplier+1
   277  0002AC  0E00               	movlw	0
   278  0002AE  6E16               	movwf	(___wmul@multiplicand+1)^0,c
   279  0002B0  0E46               	movlw	70
   280  0002B2  6E15               	movwf	___wmul@multiplicand^0,c
   281  0002B4  EC8A  F002         	call	___wmul	;wreg free
   282  0002B8  0EEA               	movlw	low (_FILA_TAREFAS+2)
   283  0002BA  2413               	addwf	?___wmul^0,w,c
   284  0002BC  6ED9               	movwf	fsr2l,c
   285  0002BE  0E04               	movlw	high (_FILA_TAREFAS+2)
   286  0002C0  2014               	addwfc	(?___wmul+1)^0,w,c
   287  0002C2  6EDA               	movwf	fsr2h,c
   288  0002C4  0E00               	movlw	0
   289  0002C6  6EDE               	movwf	postinc2,c
   290  0002C8  0E00               	movlw	0
   291  0002CA  6EDD               	movwf	postdec2,c
   292  0002CC                     
   293                           ;main.c: 24:    FILA_TAREFAS[tasks_installed].task_stack_size = 0;
   294  0002CC  C019  F013         	movff	_tasks_installed,___wmul@multiplier
   295  0002D0  C01A  F014         	movff	_tasks_installed+1,___wmul@multiplier+1
   296  0002D4  0E00               	movlw	0
   297  0002D6  6E16               	movwf	(___wmul@multiplicand+1)^0,c
   298  0002D8  0E46               	movlw	70
   299  0002DA  6E15               	movwf	___wmul@multiplicand^0,c
   300  0002DC  EC8A  F002         	call	___wmul	;wreg free
   301  0002E0  0E2C               	movlw	low (_FILA_TAREFAS+68)
   302  0002E2  2413               	addwf	?___wmul^0,w,c
   303  0002E4  6ED9               	movwf	fsr2l,c
   304  0002E6  0E05               	movlw	high (_FILA_TAREFAS+68)
   305  0002E8  2014               	addwfc	(?___wmul+1)^0,w,c
   306  0002EA  6EDA               	movwf	fsr2h,c
   307  0002EC  0E00               	movlw	0
   308  0002EE  6EDE               	movwf	postinc2,c
   309  0002F0  0E00               	movlw	0
   310  0002F2  6EDD               	movwf	postdec2,c
   311  0002F4                     
   312                           ;main.c: 25:    tasks_installed++;
   313  0002F4  4A19               	infsnz	_tasks_installed^0,f,c
   314  0002F6  2A1A               	incf	(_tasks_installed+1)^0,f,c
   315  0002F8                     
   316                           ;main.c: 27:    FILA_TAREFAS[tasks_installed].task_id = 2;
   317  0002F8  C019  F013         	movff	_tasks_installed,___wmul@multiplier
   318  0002FC  C01A  F014         	movff	_tasks_installed+1,___wmul@multiplier+1
   319  000300  0E00               	movlw	0
   320  000302  6E16               	movwf	(___wmul@multiplicand+1)^0,c
   321  000304  0E46               	movlw	70
   322  000306  6E15               	movwf	___wmul@multiplicand^0,c
   323  000308  EC8A  F002         	call	___wmul	;wreg free
   324  00030C  0EE8               	movlw	low _FILA_TAREFAS
   325  00030E  2413               	addwf	?___wmul^0,w,c
   326  000310  6ED9               	movwf	fsr2l,c
   327  000312  0E04               	movlw	high _FILA_TAREFAS
   328  000314  2014               	addwfc	(?___wmul+1)^0,w,c
   329  000316  6EDA               	movwf	fsr2h,c
   330  000318  0E02               	movlw	2
   331  00031A  6EDE               	movwf	postinc2,c
   332  00031C  0E00               	movlw	0
   333  00031E  6EDD               	movwf	postdec2,c
   334  000320                     
   335                           ;main.c: 28:    FILA_TAREFAS[tasks_installed].task_ptr = t2;
   336  000320  C019  F013         	movff	_tasks_installed,___wmul@multiplier
   337  000324  C01A  F014         	movff	_tasks_installed+1,___wmul@multiplier+1
   338  000328  0E00               	movlw	0
   339  00032A  6E16               	movwf	(___wmul@multiplicand+1)^0,c
   340  00032C  0E46               	movlw	70
   341  00032E  6E15               	movwf	___wmul@multiplicand^0,c
   342  000330  EC8A  F002         	call	___wmul	;wreg free
   343  000334  0EEA               	movlw	low (_FILA_TAREFAS+2)
   344  000336  2413               	addwf	?___wmul^0,w,c
   345  000338  6ED9               	movwf	fsr2l,c
   346  00033A  0E04               	movlw	high (_FILA_TAREFAS+2)
   347  00033C  2014               	addwfc	(?___wmul+1)^0,w,c
   348  00033E  6EDA               	movwf	fsr2h,c
   349  000340  0E00               	movlw	0
   350  000342  6EDE               	movwf	postinc2,c
   351  000344  0E00               	movlw	0
   352  000346  6EDD               	movwf	postdec2,c
   353  000348                     
   354                           ;main.c: 29:    FILA_TAREFAS[tasks_installed].task_stack_size = 0;
   355  000348  C019  F013         	movff	_tasks_installed,___wmul@multiplier
   356  00034C  C01A  F014         	movff	_tasks_installed+1,___wmul@multiplier+1
   357  000350  0E00               	movlw	0
   358  000352  6E16               	movwf	(___wmul@multiplicand+1)^0,c
   359  000354  0E46               	movlw	70
   360  000356  6E15               	movwf	___wmul@multiplicand^0,c
   361  000358  EC8A  F002         	call	___wmul	;wreg free
   362  00035C  0E2C               	movlw	low (_FILA_TAREFAS+68)
   363  00035E  2413               	addwf	?___wmul^0,w,c
   364  000360  6ED9               	movwf	fsr2l,c
   365  000362  0E05               	movlw	high (_FILA_TAREFAS+68)
   366  000364  2014               	addwfc	(?___wmul+1)^0,w,c
   367  000366  6EDA               	movwf	fsr2h,c
   368  000368  0E00               	movlw	0
   369  00036A  6EDE               	movwf	postinc2,c
   370  00036C  0E00               	movlw	0
   371  00036E  6EDD               	movwf	postdec2,c
   372  000370                     
   373                           ;main.c: 30:    tasks_installed++;
   374  000370  4A19               	infsnz	_tasks_installed^0,f,c
   375  000372  2A1A               	incf	(_tasks_installed+1)^0,f,c
   376  000374                     
   377                           ;main.c: 32:    FILA_TAREFAS[tasks_installed].task_id = 3;
   378  000374  C019  F013         	movff	_tasks_installed,___wmul@multiplier
   379  000378  C01A  F014         	movff	_tasks_installed+1,___wmul@multiplier+1
   380  00037C  0E00               	movlw	0
   381  00037E  6E16               	movwf	(___wmul@multiplicand+1)^0,c
   382  000380  0E46               	movlw	70
   383  000382  6E15               	movwf	___wmul@multiplicand^0,c
   384  000384  EC8A  F002         	call	___wmul	;wreg free
   385  000388  0EE8               	movlw	low _FILA_TAREFAS
   386  00038A  2413               	addwf	?___wmul^0,w,c
   387  00038C  6ED9               	movwf	fsr2l,c
   388  00038E  0E04               	movlw	high _FILA_TAREFAS
   389  000390  2014               	addwfc	(?___wmul+1)^0,w,c
   390  000392  6EDA               	movwf	fsr2h,c
   391  000394  0E03               	movlw	3
   392  000396  6EDE               	movwf	postinc2,c
   393  000398  0E00               	movlw	0
   394  00039A  6EDD               	movwf	postdec2,c
   395  00039C                     
   396                           ;main.c: 33:    FILA_TAREFAS[tasks_installed].task_ptr = t3;
   397  00039C  C019  F013         	movff	_tasks_installed,___wmul@multiplier
   398  0003A0  C01A  F014         	movff	_tasks_installed+1,___wmul@multiplier+1
   399  0003A4  0E00               	movlw	0
   400  0003A6  6E16               	movwf	(___wmul@multiplicand+1)^0,c
   401  0003A8  0E46               	movlw	70
   402  0003AA  6E15               	movwf	___wmul@multiplicand^0,c
   403  0003AC  EC8A  F002         	call	___wmul	;wreg free
   404  0003B0  0EEA               	movlw	low (_FILA_TAREFAS+2)
   405  0003B2  2413               	addwf	?___wmul^0,w,c
   406  0003B4  6ED9               	movwf	fsr2l,c
   407  0003B6  0E04               	movlw	high (_FILA_TAREFAS+2)
   408  0003B8  2014               	addwfc	(?___wmul+1)^0,w,c
   409  0003BA  6EDA               	movwf	fsr2h,c
   410  0003BC  0E00               	movlw	0
   411  0003BE  6EDE               	movwf	postinc2,c
   412  0003C0  0E00               	movlw	0
   413  0003C2  6EDD               	movwf	postdec2,c
   414  0003C4                     
   415                           ;main.c: 34:    FILA_TAREFAS[tasks_installed].task_stack_size = 0;
   416  0003C4  C019  F013         	movff	_tasks_installed,___wmul@multiplier
   417  0003C8  C01A  F014         	movff	_tasks_installed+1,___wmul@multiplier+1
   418  0003CC  0E00               	movlw	0
   419  0003CE  6E16               	movwf	(___wmul@multiplicand+1)^0,c
   420  0003D0  0E46               	movlw	70
   421  0003D2  6E15               	movwf	___wmul@multiplicand^0,c
   422  0003D4  EC8A  F002         	call	___wmul	;wreg free
   423  0003D8  0E2C               	movlw	low (_FILA_TAREFAS+68)
   424  0003DA  2413               	addwf	?___wmul^0,w,c
   425  0003DC  6ED9               	movwf	fsr2l,c
   426  0003DE  0E05               	movlw	high (_FILA_TAREFAS+68)
   427  0003E0  2014               	addwfc	(?___wmul+1)^0,w,c
   428  0003E2  6EDA               	movwf	fsr2h,c
   429  0003E4  0E00               	movlw	0
   430  0003E6  6EDE               	movwf	postinc2,c
   431  0003E8  0E00               	movlw	0
   432  0003EA  6EDD               	movwf	postdec2,c
   433  0003EC                     
   434                           ;main.c: 35:    tasks_installed++;
   435  0003EC  4A19               	infsnz	_tasks_installed^0,f,c
   436  0003EE  2A1A               	incf	(_tasks_installed+1)^0,f,c
   437  0003F0                     
   438                           ;main.c: 37:    config_timer();
   439  0003F0  ECB0  F002         	call	_config_timer	;wreg free
   440  0003F4                     
   441                           ;main.c: 38:    start_kernel();
   442  0003F4  ECC0  F002         	call	_start_kernel	;wreg free
   443  0003F8                     l23:
   444  0003F8  EFFC  F001         	goto	l23
   445  0003FC  EF07  F000         	goto	start
   446  000400                     __end_of_main:
   447                           	callstack 0
   448                           
   449 ;; *************** function _start_kernel *****************
   450 ;; Defined at:
   451 ;;		line 33 in file "system_call.c"
   452 ;; Parameters:    Size  Location     Type
   453 ;;		None
   454 ;; Auto vars:     Size  Location     Type
   455 ;;		None
   456 ;; Return value:  Size  Location     Type
   457 ;;                  1    wreg      void 
   458 ;; Registers used:
   459 ;;		wreg
   460 ;; Tracked objects:
   461 ;;		On entry : 0/0
   462 ;;		On exit  : 0/0
   463 ;;		Unchanged: 0/0
   464 ;; Data sizes:     COMRAM   BANK0   BANK1   BANK2   BANK3   BANK4   BANK5
   465 ;;      Params:         0       0       0       0       0       0       0
   466 ;;      Locals:         0       0       0       0       0       0       0
   467 ;;      Temps:          0       0       0       0       0       0       0
   468 ;;      Totals:         0       0       0       0       0       0       0
   469 ;;Total ram usage:        0 bytes
   470 ;; Hardware stack levels used: 1
   471 ;; Hardware stack levels required when called: 3
   472 ;; This function calls:
   473 ;;		Nothing
   474 ;; This function is called by:
   475 ;;		_main
   476 ;; This function uses a non-reentrant model
   477 ;;
   478                           
   479                           	psect	text1
   480  000580                     __ptext1:
   481                           	callstack 0
   482  000580                     _start_kernel:
   483                           	callstack 27
   484  000580                     
   485                           ;system_call.c: 35:    INTCONbits.GIE = 1;
   486  000580  8EF2               	bsf	242,7,c	;volatile
   487  000582                     
   488                           ;system_call.c: 36:    T0CONbits.TMR0ON;
   489  000582  50D5               	movf	213,w,c	;volatile
   490  000584  0012               	return		;funcret
   491  000586                     __end_of_start_kernel:
   492                           	callstack 0
   493                           
   494 ;; *************** function _config_user_tasks *****************
   495 ;; Defined at:
   496 ;;		line 4 in file "user_tasks.c"
   497 ;; Parameters:    Size  Location     Type
   498 ;;		None
   499 ;; Auto vars:     Size  Location     Type
   500 ;;		None
   501 ;; Return value:  Size  Location     Type
   502 ;;                  1    wreg      void 
   503 ;; Registers used:
   504 ;;		None
   505 ;; Tracked objects:
   506 ;;		On entry : 0/0
   507 ;;		On exit  : 0/0
   508 ;;		Unchanged: 0/0
   509 ;; Data sizes:     COMRAM   BANK0   BANK1   BANK2   BANK3   BANK4   BANK5
   510 ;;      Params:         0       0       0       0       0       0       0
   511 ;;      Locals:         0       0       0       0       0       0       0
   512 ;;      Temps:          0       0       0       0       0       0       0
   513 ;;      Totals:         0       0       0       0       0       0       0
   514 ;;Total ram usage:        0 bytes
   515 ;; Hardware stack levels used: 1
   516 ;; Hardware stack levels required when called: 3
   517 ;; This function calls:
   518 ;;		Nothing
   519 ;; This function is called by:
   520 ;;		_main
   521 ;; This function uses a non-reentrant model
   522 ;;
   523                           
   524                           	psect	text2
   525  000578                     __ptext2:
   526                           	callstack 0
   527  000578                     _config_user_tasks:
   528                           	callstack 27
   529  000578                     
   530                           ;user_tasks.c: 6:    TRISDbits.RD0 = 0;
   531  000578  9095               	bcf	149,0,c	;volatile
   532                           
   533                           ;user_tasks.c: 7:    TRISDbits.RD1 = 0;
   534  00057A  9295               	bcf	149,1,c	;volatile
   535                           
   536                           ;user_tasks.c: 8:    TRISDbits.RD2 = 0;
   537  00057C  9495               	bcf	149,2,c	;volatile
   538  00057E  0012               	return		;funcret
   539  000580                     __end_of_config_user_tasks:
   540                           	callstack 0
   541                           
   542 ;; *************** function _config_timer *****************
   543 ;; Defined at:
   544 ;;		line 21 in file "system_call.c"
   545 ;; Parameters:    Size  Location     Type
   546 ;;		None
   547 ;; Auto vars:     Size  Location     Type
   548 ;;		None
   549 ;; Return value:  Size  Location     Type
   550 ;;                  1    wreg      void 
   551 ;; Registers used:
   552 ;;		wreg, status,2
   553 ;; Tracked objects:
   554 ;;		On entry : 0/0
   555 ;;		On exit  : 0/0
   556 ;;		Unchanged: 0/0
   557 ;; Data sizes:     COMRAM   BANK0   BANK1   BANK2   BANK3   BANK4   BANK5
   558 ;;      Params:         0       0       0       0       0       0       0
   559 ;;      Locals:         0       0       0       0       0       0       0
   560 ;;      Temps:          0       0       0       0       0       0       0
   561 ;;      Totals:         0       0       0       0       0       0       0
   562 ;;Total ram usage:        0 bytes
   563 ;; Hardware stack levels used: 1
   564 ;; Hardware stack levels required when called: 3
   565 ;; This function calls:
   566 ;;		Nothing
   567 ;; This function is called by:
   568 ;;		_main
   569 ;; This function uses a non-reentrant model
   570 ;;
   571                           
   572                           	psect	text3
   573  000560                     __ptext3:
   574                           	callstack 0
   575  000560                     _config_timer:
   576                           	callstack 27
   577  000560                     
   578                           ;system_call.c: 24:    INTCONbits.PEIE = 1;
   579  000560  8CF2               	bsf	242,6,c	;volatile
   580                           
   581                           ;system_call.c: 25:    INTCONbits.TMR0IE = 1;
   582  000562  8AF2               	bsf	242,5,c	;volatile
   583                           
   584                           ;system_call.c: 26:    INTCONbits.TMR0IF = 0;
   585  000564  94F2               	bcf	242,2,c	;volatile
   586                           
   587                           ;system_call.c: 27:    T0CONbits.PSA = 0;
   588  000566  96D5               	bcf	213,3,c	;volatile
   589  000568                     
   590                           ;system_call.c: 28:    T0CONbits.T0PS = 0b010;
   591  000568  50D5               	movf	213,w,c	;volatile
   592  00056A  0BF8               	andlw	-8
   593  00056C  0902               	iorlw	2
   594  00056E  6ED5               	movwf	213,c	;volatile
   595  000570                     
   596                           ;system_call.c: 29:    T0CONbits.T0CS = 0;
   597  000570  9AD5               	bcf	213,5,c	;volatile
   598                           
   599                           ;system_call.c: 30:    TMR0L = 0;
   600  000572  0E00               	movlw	0
   601  000574  6ED6               	movwf	214,c	;volatile
   602  000576  0012               	return		;funcret
   603  000578                     __end_of_config_timer:
   604                           	callstack 0
   605                           
   606 ;; *************** function ___wmul *****************
   607 ;; Defined at:
   608 ;;		line 15 in file "D:\MPLAB XC8\pic\sources\c99\common\Umul16.c"
   609 ;; Parameters:    Size  Location     Type
   610 ;;  multiplier      2   18[COMRAM] unsigned int 
   611 ;;  multiplicand    2   20[COMRAM] unsigned int 
   612 ;; Auto vars:     Size  Location     Type
   613 ;;  product         2   22[COMRAM] unsigned int 
   614 ;; Return value:  Size  Location     Type
   615 ;;                  2   18[COMRAM] unsigned int 
   616 ;; Registers used:
   617 ;;		wreg, status,2, status,0, prodl, prodh
   618 ;; Tracked objects:
   619 ;;		On entry : 0/0
   620 ;;		On exit  : 0/0
   621 ;;		Unchanged: 0/0
   622 ;; Data sizes:     COMRAM   BANK0   BANK1   BANK2   BANK3   BANK4   BANK5
   623 ;;      Params:         4       0       0       0       0       0       0
   624 ;;      Locals:         2       0       0       0       0       0       0
   625 ;;      Temps:          0       0       0       0       0       0       0
   626 ;;      Totals:         6       0       0       0       0       0       0
   627 ;;Total ram usage:        6 bytes
   628 ;; Hardware stack levels used: 1
   629 ;; Hardware stack levels required when called: 3
   630 ;; This function calls:
   631 ;;		Nothing
   632 ;; This function is called by:
   633 ;;		_main
   634 ;; This function uses a non-reentrant model
   635 ;;
   636                           
   637                           	psect	text4
   638  000514                     __ptext4:
   639                           	callstack 0
   640  000514                     ___wmul:
   641                           	callstack 27
   642  000514  5013               	movf	___wmul@multiplier^0,w,c
   643  000516  0215               	mulwf	___wmul@multiplicand^0,c
   644  000518  CFF3 F017          	movff	prodl,___wmul@product
   645  00051C  CFF4 F018          	movff	prodh,___wmul@product+1
   646  000520  5013               	movf	___wmul@multiplier^0,w,c
   647  000522  0216               	mulwf	(___wmul@multiplicand+1)^0,c
   648  000524  50F3               	movf	243,w,c
   649  000526  2618               	addwf	(___wmul@product+1)^0,f,c
   650  000528  5014               	movf	(___wmul@multiplier+1)^0,w,c
   651  00052A  0215               	mulwf	___wmul@multiplicand^0,c
   652  00052C  50F3               	movf	243,w,c
   653  00052E  2618               	addwf	(___wmul@product+1)^0,f,c
   654  000530  C017  F013         	movff	___wmul@product,?___wmul
   655  000534  C018  F014         	movff	___wmul@product+1,?___wmul+1
   656  000538  0012               	return		;funcret
   657  00053A                     __end_of___wmul:
   658                           	callstack 0
   659                           
   660 ;; *************** function _ISR_timer *****************
   661 ;; Defined at:
   662 ;;		line 12 in file "system_call.c"
   663 ;; Parameters:    Size  Location     Type
   664 ;;		None
   665 ;; Auto vars:     Size  Location     Type
   666 ;;		None
   667 ;; Return value:  Size  Location     Type
   668 ;;                  1    wreg      void 
   669 ;; Registers used:
   670 ;;		wreg, fsr2l, fsr2h, status,2, status,0, prodl, prodh, cstack
   671 ;; Tracked objects:
   672 ;;		On entry : 0/0
   673 ;;		On exit  : 0/0
   674 ;;		Unchanged: 0/0
   675 ;; Data sizes:     COMRAM   BANK0   BANK1   BANK2   BANK3   BANK4   BANK5
   676 ;;      Params:         0       0       0       0       0       0       0
   677 ;;      Locals:         0       0       0       0       0       0       0
   678 ;;      Temps:         10       0       0       0       0       0       0
   679 ;;      Totals:        10       0       0       0       0       0       0
   680 ;;Total ram usage:       10 bytes
   681 ;; Hardware stack levels used: 1
   682 ;; Hardware stack levels required when called: 2
   683 ;; This function calls:
   684 ;;		_rr_scheduler
   685 ;;		i2___wmul
   686 ;; This function is called by:
   687 ;;		Interrupt level 2
   688 ;; This function uses a non-reentrant model
   689 ;;
   690                           
   691                           	psect	intcode
   692  000008                     __pintcode:
   693                           	callstack 0
   694  000008                     _ISR_timer:
   695                           	callstack 27
   696                           
   697                           ;incstack = 0
   698  000008  821D               	bsf	int$flags,1,c	;set compiler interrupt flag (level 2)
   699  00000A  ED09  F000         	call	int_func,f	;refresh shadow registers
   700                           
   701                           	psect	intcode_body
   702  000012                     __pintcode_body:
   703                           	callstack 27
   704  000012                     int_func:
   705                           	callstack 27
   706  000012  0006               	pop		; remove dummy address from shadow register refresh
   707  000014  CFD9 F00F          	movff	fsr2l,??_ISR_timer+6
   708  000018  CFDA F010          	movff	fsr2h,??_ISR_timer+7
   709  00001C  CFF3 F011          	movff	prodl,??_ISR_timer+8
   710  000020  CFF4 F012          	movff	prodh,??_ISR_timer+9
   711  000024  9EF2               	bcf	242,7,c	;volatile
   712  000026  281B               	incf	_vez^0,w,c
   713  000028  E108               	bnz	i2u20_40
   714  00002A  281C               	incf	(_vez+1)^0,w,c
   715  00002C  B4D8               	btfsc	status,2,c
   716  00002E  EF1B  F000         	goto	i2u20_41
   717  000032  EF1D  F000         	goto	i2u20_40
   718  000036                     i2u20_41:
   719  000036  EF86  F000         	goto	i2l51
   720  00003A                     i2u20_40:
   721  00003A  C01B  F001         	movff	_vez,i2___wmul@multiplier
   722  00003E  C01C  F002         	movff	_vez+1,i2___wmul@multiplier+1
   723  000042  0E00               	movlw	0
   724  000044  6E04               	movwf	(i2___wmul@multiplicand+1)^0,c
   725  000046  0E46               	movlw	70
   726  000048  6E03               	movwf	i2___wmul@multiplicand^0,c
   727  00004A  EC9D  F002         	call	i2___wmul	;wreg free
   728  00004E  0E2C               	movlw	low (_FILA_TAREFAS+68)
   729  000050  2401               	addwf	?i2___wmul^0,w,c
   730  000052  6ED9               	movwf	fsr2l,c
   731  000054  0E05               	movlw	high (_FILA_TAREFAS+68)
   732  000056  2002               	addwfc	(?i2___wmul+1)^0,w,c
   733  000058  6EDA               	movwf	fsr2h,c
   734  00005A  0E00               	movlw	0
   735  00005C  6EDE               	movwf	postinc2,c
   736  00005E  0E00               	movlw	0
   737  000060  6EDD               	movwf	postdec2,c
   738  000062  EF7E  F000         	goto	i2l989
   739  000066                     i2l987:
   740  000066  C01B  F001         	movff	_vez,i2___wmul@multiplier
   741  00006A  C01C  F002         	movff	_vez+1,i2___wmul@multiplier+1
   742  00006E  0E00               	movlw	0
   743  000070  6E04               	movwf	(i2___wmul@multiplicand+1)^0,c
   744  000072  0E46               	movlw	70
   745  000074  6E03               	movwf	i2___wmul@multiplicand^0,c
   746  000076  EC9D  F002         	call	i2___wmul	;wreg free
   747  00007A  0E2C               	movlw	low (_FILA_TAREFAS+68)
   748  00007C  2401               	addwf	?i2___wmul^0,w,c
   749  00007E  6ED9               	movwf	fsr2l,c
   750  000080  0E05               	movlw	high (_FILA_TAREFAS+68)
   751  000082  2002               	addwfc	(?i2___wmul+1)^0,w,c
   752  000084  6EDA               	movwf	fsr2h,c
   753  000086  CFDE F009          	movff	postinc2,??_ISR_timer
   754  00008A  CFDD F00A          	movff	postdec2,??_ISR_timer+1
   755  00008E  90D8               	bcf	status,0,c
   756  000090  3609               	rlcf	??_ISR_timer^0,f,c
   757  000092  360A               	rlcf	(??_ISR_timer+1)^0,f,c
   758  000094  C01B  F001         	movff	_vez,i2___wmul@multiplier
   759  000098  C01C  F002         	movff	_vez+1,i2___wmul@multiplier+1
   760  00009C  0E00               	movlw	0
   761  00009E  6E04               	movwf	(i2___wmul@multiplicand+1)^0,c
   762  0000A0  0E46               	movlw	70
   763  0000A2  6E03               	movwf	i2___wmul@multiplicand^0,c
   764  0000A4  EC9D  F002         	call	i2___wmul	;wreg free
   765  0000A8  0EE8               	movlw	low _FILA_TAREFAS
   766  0000AA  6E0B               	movwf	(??_ISR_timer+2)^0,c
   767  0000AC  0E04               	movlw	high _FILA_TAREFAS
   768  0000AE  6E0C               	movwf	(??_ISR_timer+3)^0,c
   769  0000B0  0E04               	movlw	4
   770  0000B2  260B               	addwf	(??_ISR_timer+2)^0,f,c
   771  0000B4  0E00               	movlw	0
   772  0000B6  220C               	addwfc	(??_ISR_timer+3)^0,f,c
   773  0000B8  5001               	movf	?i2___wmul^0,w,c
   774  0000BA  260B               	addwf	(??_ISR_timer+2)^0,f,c
   775  0000BC  5002               	movf	(?i2___wmul+1)^0,w,c
   776  0000BE  220C               	addwfc	(??_ISR_timer+3)^0,f,c
   777  0000C0  5009               	movf	??_ISR_timer^0,w,c
   778  0000C2  240B               	addwf	(??_ISR_timer+2)^0,w,c
   779  0000C4  6ED9               	movwf	fsr2l,c
   780  0000C6  500A               	movf	(??_ISR_timer+1)^0,w,c
   781  0000C8  200C               	addwfc	(??_ISR_timer+3)^0,w,c
   782  0000CA  6EDA               	movwf	fsr2h,c
   783  0000CC  CFFD FFDE          	movff	tosl,postinc2	;volatile
   784  0000D0  CFFE FFDD          	movff	tosh,postdec2	;volatile
   785  0000D4  C01B  F001         	movff	_vez,i2___wmul@multiplier
   786  0000D8  C01C  F002         	movff	_vez+1,i2___wmul@multiplier+1
   787  0000DC  0E00               	movlw	0
   788  0000DE  6E04               	movwf	(i2___wmul@multiplicand+1)^0,c
   789  0000E0  0E46               	movlw	70
   790  0000E2  6E03               	movwf	i2___wmul@multiplicand^0,c
   791  0000E4  EC9D  F002         	call	i2___wmul	;wreg free
   792  0000E8  0E2C               	movlw	low (_FILA_TAREFAS+68)
   793  0000EA  2401               	addwf	?i2___wmul^0,w,c
   794  0000EC  6ED9               	movwf	fsr2l,c
   795  0000EE  0E05               	movlw	high (_FILA_TAREFAS+68)
   796  0000F0  2002               	addwfc	(?i2___wmul+1)^0,w,c
   797  0000F2  6EDA               	movwf	fsr2h,c
   798  0000F4  2ADE               	incf	postinc2,f,c
   799  0000F6  0E00               	movlw	0
   800  0000F8  22DD               	addwfc	postdec2,f,c
   801  0000FA  0006               	pop		;# 
   802  0000FC                     i2l989:
   803  0000FC  50FC               	movf	252,w,c	;volatile
   804  0000FE  A4D8               	btfss	status,2,c
   805  000100  EF84  F000         	goto	i2u21_41
   806  000104  EF86  F000         	goto	i2u21_40
   807  000108                     i2u21_41:
   808  000108  EF33  F000         	goto	i2l987
   809  00010C                     i2u21_40:
   810  00010C                     i2l51:
   811  00010C  8EF2               	bsf	242,7,c	;volatile
   812  00010E                     
   813                           ;system_call.c: 15:    vez = rr_scheduler();
   814  00010E  EC75  F002         	call	_rr_scheduler	;wreg free
   815  000112  C007  F01B         	movff	?_rr_scheduler,_vez
   816  000116  C008  F01C         	movff	?_rr_scheduler+1,_vez+1
   817  00011A  9EF2               	bcf	242,7,c	;volatile
   818  00011C  0E00               	movlw	0
   819  00011E  6EFC               	movwf	252,c	;volatile
   820  000120  C01B  F001         	movff	_vez,i2___wmul@multiplier
   821  000124  C01C  F002         	movff	_vez+1,i2___wmul@multiplier+1
   822  000128  0E00               	movlw	0
   823  00012A  6E04               	movwf	(i2___wmul@multiplicand+1)^0,c
   824  00012C  0E46               	movlw	70
   825  00012E  6E03               	movwf	i2___wmul@multiplicand^0,c
   826  000130  EC9D  F002         	call	i2___wmul	;wreg free
   827  000134  0E2C               	movlw	low (_FILA_TAREFAS+68)
   828  000136  2401               	addwf	?i2___wmul^0,w,c
   829  000138  6ED9               	movwf	fsr2l,c
   830  00013A  0E05               	movlw	high (_FILA_TAREFAS+68)
   831  00013C  2002               	addwfc	(?i2___wmul+1)^0,w,c
   832  00013E  6EDA               	movwf	fsr2h,c
   833  000140  50DE               	movf	postinc2,w,c
   834  000142  10DE               	iorwf	postinc2,w,c
   835  000144  B4D8               	btfsc	status,2,c
   836  000146  EFA7  F000         	goto	i2u22_41
   837  00014A  EFA9  F000         	goto	i2u22_40
   838  00014E                     i2u22_41:
   839  00014E  EF14  F001         	goto	i2l57
   840  000152                     i2u22_40:
   841  000152                     i2l58:
   842  000152  0005               	push		;# 
   843  000154  C01B  F001         	movff	_vez,i2___wmul@multiplier
   844  000158  C01C  F002         	movff	_vez+1,i2___wmul@multiplier+1
   845  00015C  0E00               	movlw	0
   846  00015E  6E04               	movwf	(i2___wmul@multiplicand+1)^0,c
   847  000160  0E46               	movlw	70
   848  000162  6E03               	movwf	i2___wmul@multiplicand^0,c
   849  000164  EC9D  F002         	call	i2___wmul	;wreg free
   850  000168  0E2C               	movlw	low (_FILA_TAREFAS+68)
   851  00016A  2401               	addwf	?i2___wmul^0,w,c
   852  00016C  6ED9               	movwf	fsr2l,c
   853  00016E  0E05               	movlw	high (_FILA_TAREFAS+68)
   854  000170  2002               	addwfc	(?i2___wmul+1)^0,w,c
   855  000172  6EDA               	movwf	fsr2h,c
   856  000174  CFDE F009          	movff	postinc2,??_ISR_timer
   857  000178  CFDD F00A          	movff	postdec2,??_ISR_timer+1
   858  00017C  90D8               	bcf	status,0,c
   859  00017E  3609               	rlcf	??_ISR_timer^0,f,c
   860  000180  360A               	rlcf	(??_ISR_timer+1)^0,f,c
   861  000182  C01B  F001         	movff	_vez,i2___wmul@multiplier
   862  000186  C01C  F002         	movff	_vez+1,i2___wmul@multiplier+1
   863  00018A  0E00               	movlw	0
   864  00018C  6E04               	movwf	(i2___wmul@multiplicand+1)^0,c
   865  00018E  0E46               	movlw	70
   866  000190  6E03               	movwf	i2___wmul@multiplicand^0,c
   867  000192  EC9D  F002         	call	i2___wmul	;wreg free
   868  000196  0EE8               	movlw	low _FILA_TAREFAS
   869  000198  6E0B               	movwf	(??_ISR_timer+2)^0,c
   870  00019A  0E04               	movlw	high _FILA_TAREFAS
   871  00019C  6E0C               	movwf	(??_ISR_timer+3)^0,c
   872  00019E  0E04               	movlw	4
   873  0001A0  260B               	addwf	(??_ISR_timer+2)^0,f,c
   874  0001A2  0E00               	movlw	0
   875  0001A4  220C               	addwfc	(??_ISR_timer+3)^0,f,c
   876  0001A6  5001               	movf	?i2___wmul^0,w,c
   877  0001A8  260B               	addwf	(??_ISR_timer+2)^0,f,c
   878  0001AA  5002               	movf	(?i2___wmul+1)^0,w,c
   879  0001AC  220C               	addwfc	(??_ISR_timer+3)^0,f,c
   880  0001AE  5009               	movf	??_ISR_timer^0,w,c
   881  0001B0  240B               	addwf	(??_ISR_timer+2)^0,w,c
   882  0001B2  6ED9               	movwf	fsr2l,c
   883  0001B4  500A               	movf	(??_ISR_timer+1)^0,w,c
   884  0001B6  200C               	addwfc	(??_ISR_timer+3)^0,w,c
   885  0001B8  6EDA               	movwf	fsr2h,c
   886  0001BA  CFDE F00D          	movff	postinc2,??_ISR_timer+4
   887  0001BE  CFDD F00E          	movff	postdec2,??_ISR_timer+5
   888  0001C2  C00D  FFFD         	movff	??_ISR_timer+4,tosl	;volatile
   889  0001C6  C00E  FFFE         	movff	??_ISR_timer+5,tosh	;volatile
   890  0001CA  6AFF               	clrf	255,c	;volatile
   891  0001CC  C01B  F001         	movff	_vez,i2___wmul@multiplier
   892  0001D0  C01C  F002         	movff	_vez+1,i2___wmul@multiplier+1
   893  0001D4  0E00               	movlw	0
   894  0001D6  6E04               	movwf	(i2___wmul@multiplicand+1)^0,c
   895  0001D8  0E46               	movlw	70
   896  0001DA  6E03               	movwf	i2___wmul@multiplicand^0,c
   897  0001DC  EC9D  F002         	call	i2___wmul	;wreg free
   898  0001E0  0E2C               	movlw	low (_FILA_TAREFAS+68)
   899  0001E2  2401               	addwf	?i2___wmul^0,w,c
   900  0001E4  6ED9               	movwf	fsr2l,c
   901  0001E6  0E05               	movlw	high (_FILA_TAREFAS+68)
   902  0001E8  2002               	addwfc	(?i2___wmul+1)^0,w,c
   903  0001EA  6EDA               	movwf	fsr2h,c
   904  0001EC  06DE               	decf	postinc2,f,c
   905  0001EE  0E00               	movlw	0
   906  0001F0  5ADD               	subwfb	postdec2,f,c
   907  0001F2  C01B  F001         	movff	_vez,i2___wmul@multiplier
   908  0001F6  C01C  F002         	movff	_vez+1,i2___wmul@multiplier+1
   909  0001FA  0E00               	movlw	0
   910  0001FC  6E04               	movwf	(i2___wmul@multiplicand+1)^0,c
   911  0001FE  0E46               	movlw	70
   912  000200  6E03               	movwf	i2___wmul@multiplicand^0,c
   913  000202  EC9D  F002         	call	i2___wmul	;wreg free
   914  000206  0E2C               	movlw	low (_FILA_TAREFAS+68)
   915  000208  2401               	addwf	?i2___wmul^0,w,c
   916  00020A  6ED9               	movwf	fsr2l,c
   917  00020C  0E05               	movlw	high (_FILA_TAREFAS+68)
   918  00020E  2002               	addwfc	(?i2___wmul+1)^0,w,c
   919  000210  6EDA               	movwf	fsr2h,c
   920  000212  50DE               	movf	postinc2,w,c
   921  000214  10DE               	iorwf	postinc2,w,c
   922  000216  A4D8               	btfss	status,2,c
   923  000218  EF10  F001         	goto	i2u23_41
   924  00021C  EF12  F001         	goto	i2u23_40
   925  000220                     i2u23_41:
   926  000220  EFA9  F000         	goto	i2l58
   927  000224                     i2u23_40:
   928  000224  EF2E  F001         	goto	i2l1003
   929  000228                     i2l57:
   930  000228  0005               	push		;# 
   931  00022A  C01B  F001         	movff	_vez,i2___wmul@multiplier
   932  00022E  C01C  F002         	movff	_vez+1,i2___wmul@multiplier+1
   933  000232  0E00               	movlw	0
   934  000234  6E04               	movwf	(i2___wmul@multiplicand+1)^0,c
   935  000236  0E46               	movlw	70
   936  000238  6E03               	movwf	i2___wmul@multiplicand^0,c
   937  00023A  EC9D  F002         	call	i2___wmul	;wreg free
   938  00023E  0EEA               	movlw	low (_FILA_TAREFAS+2)
   939  000240  2401               	addwf	?i2___wmul^0,w,c
   940  000242  6ED9               	movwf	fsr2l,c
   941  000244  0E04               	movlw	high (_FILA_TAREFAS+2)
   942  000246  2002               	addwfc	(?i2___wmul+1)^0,w,c
   943  000248  6EDA               	movwf	fsr2h,c
   944  00024A  CFDE F009          	movff	postinc2,??_ISR_timer
   945  00024E  CFDD F00A          	movff	postdec2,??_ISR_timer+1
   946  000252  C009  FFFD         	movff	??_ISR_timer,tosl	;volatile
   947  000256  C00A  FFFE         	movff	??_ISR_timer+1,tosh	;volatile
   948  00025A  6AFF               	clrf	255,c	;volatile
   949  00025C                     i2l1003:
   950  00025C  8EF2               	bsf	242,7,c	;volatile
   951  00025E                     
   952                           ;system_call.c: 17:    TMR0L = 0;
   953  00025E  0E00               	movlw	0
   954  000260  6ED6               	movwf	214,c	;volatile
   955  000262                     
   956                           ;system_call.c: 18:    INTCONbits.TMR0IF = 0;
   957  000262  94F2               	bcf	242,2,c	;volatile
   958  000264  C012  FFF4         	movff	??_ISR_timer+9,prodh
   959  000268  C011  FFF3         	movff	??_ISR_timer+8,prodl
   960  00026C  C010  FFDA         	movff	??_ISR_timer+7,fsr2h
   961  000270  C00F  FFD9         	movff	??_ISR_timer+6,fsr2l
   962  000274  921D               	bcf	int$flags,1,c	;clear compiler interrupt flag (level 2)
   963  000276  0011               	retfie		f
   964  000278                     __end_of_ISR_timer:
   965                           	callstack 0
   966                           
   967 ;; *************** function i2___wmul *****************
   968 ;; Defined at:
   969 ;;		line 15 in file "D:\MPLAB XC8\pic\sources\c99\common\Umul16.c"
   970 ;; Parameters:    Size  Location     Type
   971 ;;  multiplier      2    0[COMRAM] unsigned int 
   972 ;;  multiplicand    2    2[COMRAM] unsigned int 
   973 ;; Auto vars:     Size  Location     Type
   974 ;;  product         2    4[COMRAM] unsigned int 
   975 ;; Return value:  Size  Location     Type
   976 ;;                  2    0[COMRAM] unsigned int 
   977 ;; Registers used:
   978 ;;		wreg, status,2, status,0, prodl, prodh
   979 ;; Tracked objects:
   980 ;;		On entry : 0/0
   981 ;;		On exit  : 0/0
   982 ;;		Unchanged: 0/0
   983 ;; Data sizes:     COMRAM   BANK0   BANK1   BANK2   BANK3   BANK4   BANK5
   984 ;;      Params:         4       0       0       0       0       0       0
   985 ;;      Locals:         2       0       0       0       0       0       0
   986 ;;      Temps:          0       0       0       0       0       0       0
   987 ;;      Totals:         6       0       0       0       0       0       0
   988 ;;Total ram usage:        6 bytes
   989 ;; Hardware stack levels used: 1
   990 ;; This function calls:
   991 ;;		Nothing
   992 ;; This function is called by:
   993 ;;		_ISR_timer
   994 ;; This function uses a non-reentrant model
   995 ;;
   996                           
   997                           	psect	text6
   998  00053A                     __ptext6:
   999                           	callstack 0
  1000  00053A                     i2___wmul:
  1001                           	callstack 28
  1002  00053A  5001               	movf	i2___wmul@multiplier^0,w,c
  1003  00053C  0203               	mulwf	i2___wmul@multiplicand^0,c
  1004  00053E  CFF3 F005          	movff	prodl,i2___wmul@product
  1005  000542  CFF4 F006          	movff	prodh,i2___wmul@product+1
  1006  000546  5001               	movf	i2___wmul@multiplier^0,w,c
  1007  000548  0204               	mulwf	(i2___wmul@multiplicand+1)^0,c
  1008  00054A  50F3               	movf	243,w,c
  1009  00054C  2606               	addwf	(i2___wmul@product+1)^0,f,c
  1010  00054E  5002               	movf	(i2___wmul@multiplier+1)^0,w,c
  1011  000550  0203               	mulwf	i2___wmul@multiplicand^0,c
  1012  000552  50F3               	movf	243,w,c
  1013  000554  2606               	addwf	(i2___wmul@product+1)^0,f,c
  1014  000556  C005  F001         	movff	i2___wmul@product,?i2___wmul
  1015  00055A  C006  F002         	movff	i2___wmul@product+1,?i2___wmul+1
  1016  00055E  0012               	return		;funcret
  1017  000560                     __end_ofi2___wmul:
  1018                           	callstack 0
  1019                           
  1020 ;; *************** function _rr_scheduler *****************
  1021 ;; Defined at:
  1022 ;;		line 6 in file "system_call.c"
  1023 ;; Parameters:    Size  Location     Type
  1024 ;;		None
  1025 ;; Auto vars:     Size  Location     Type
  1026 ;;		None
  1027 ;; Return value:  Size  Location     Type
  1028 ;;                  2    6[COMRAM] unsigned int 
  1029 ;; Registers used:
  1030 ;;		wreg, status,2, status,0, cstack
  1031 ;; Tracked objects:
  1032 ;;		On entry : 0/0
  1033 ;;		On exit  : 0/0
  1034 ;;		Unchanged: 0/0
  1035 ;; Data sizes:     COMRAM   BANK0   BANK1   BANK2   BANK3   BANK4   BANK5
  1036 ;;      Params:         2       0       0       0       0       0       0
  1037 ;;      Locals:         0       0       0       0       0       0       0
  1038 ;;      Temps:          0       0       0       0       0       0       0
  1039 ;;      Totals:         2       0       0       0       0       0       0
  1040 ;;Total ram usage:        2 bytes
  1041 ;; Hardware stack levels used: 1
  1042 ;; Hardware stack levels required when called: 1
  1043 ;; This function calls:
  1044 ;;		___awmod
  1045 ;; This function is called by:
  1046 ;;		_ISR_timer
  1047 ;; This function uses a non-reentrant model
  1048 ;;
  1049                           
  1050                           	psect	text7
  1051  0004EA                     __ptext7:
  1052                           	callstack 0
  1053  0004EA                     _rr_scheduler:
  1054                           	callstack 27
  1055  0004EA                     
  1056                           ;system_call.c: 8:    vez = (vez + 1) % tasks_installed;
  1057  0004EA  0E01               	movlw	1
  1058  0004EC  241B               	addwf	_vez^0,w,c
  1059  0004EE  6E01               	movwf	___awmod@dividend^0,c
  1060  0004F0  0E00               	movlw	0
  1061  0004F2  201C               	addwfc	(_vez+1)^0,w,c
  1062  0004F4  6E02               	movwf	(___awmod@dividend+1)^0,c
  1063  0004F6  C019  F003         	movff	_tasks_installed,___awmod@divisor
  1064  0004FA  C01A  F004         	movff	_tasks_installed+1,___awmod@divisor+1
  1065  0004FE  EC00  F002         	call	___awmod	;wreg free
  1066  000502  C001  F01B         	movff	?___awmod,_vez
  1067  000506  C002  F01C         	movff	?___awmod+1,_vez+1
  1068  00050A                     
  1069                           ;system_call.c: 9:    return vez;
  1070  00050A  C01B  F007         	movff	_vez,?_rr_scheduler
  1071  00050E  C01C  F008         	movff	_vez+1,?_rr_scheduler+1
  1072  000512  0012               	return		;funcret
  1073  000514                     __end_of_rr_scheduler:
  1074                           	callstack 0
  1075                           
  1076 ;; *************** function ___awmod *****************
  1077 ;; Defined at:
  1078 ;;		line 7 in file "D:\MPLAB XC8\pic\sources\c99\common\awmod.c"
  1079 ;; Parameters:    Size  Location     Type
  1080 ;;  dividend        2    0[COMRAM] int 
  1081 ;;  divisor         2    2[COMRAM] int 
  1082 ;; Auto vars:     Size  Location     Type
  1083 ;;  sign            1    5[COMRAM] unsigned char 
  1084 ;;  counter         1    4[COMRAM] unsigned char 
  1085 ;; Return value:  Size  Location     Type
  1086 ;;                  2    0[COMRAM] int 
  1087 ;; Registers used:
  1088 ;;		wreg, status,2, status,0
  1089 ;; Tracked objects:
  1090 ;;		On entry : 0/0
  1091 ;;		On exit  : 0/0
  1092 ;;		Unchanged: 0/0
  1093 ;; Data sizes:     COMRAM   BANK0   BANK1   BANK2   BANK3   BANK4   BANK5
  1094 ;;      Params:         4       0       0       0       0       0       0
  1095 ;;      Locals:         2       0       0       0       0       0       0
  1096 ;;      Temps:          0       0       0       0       0       0       0
  1097 ;;      Totals:         6       0       0       0       0       0       0
  1098 ;;Total ram usage:        6 bytes
  1099 ;; Hardware stack levels used: 1
  1100 ;; This function calls:
  1101 ;;		Nothing
  1102 ;; This function is called by:
  1103 ;;		_rr_scheduler
  1104 ;; This function uses a non-reentrant model
  1105 ;;
  1106                           
  1107                           	psect	text8
  1108  000400                     __ptext8:
  1109                           	callstack 0
  1110  000400                     ___awmod:
  1111                           	callstack 27
  1112  000400  0E00               	movlw	0
  1113  000402  6E06               	movwf	___awmod@sign^0,c
  1114  000404  BE02               	btfsc	(___awmod@dividend+1)^0,7,c
  1115  000406  EF09  F002         	goto	i2u14_40
  1116  00040A  EF07  F002         	goto	i2u14_41
  1117  00040E                     i2u14_41:
  1118  00040E  EF0F  F002         	goto	i2l907
  1119  000412                     i2u14_40:
  1120  000412  6C01               	negf	___awmod@dividend^0,c
  1121  000414  1E02               	comf	(___awmod@dividend+1)^0,f,c
  1122  000416  B0D8               	btfsc	status,0,c
  1123  000418  2A02               	incf	(___awmod@dividend+1)^0,f,c
  1124  00041A  0E01               	movlw	1
  1125  00041C  6E06               	movwf	___awmod@sign^0,c
  1126  00041E                     i2l907:
  1127  00041E  BE04               	btfsc	(___awmod@divisor+1)^0,7,c
  1128  000420  EF16  F002         	goto	i2u15_40
  1129  000424  EF14  F002         	goto	i2u15_41
  1130  000428                     i2u15_41:
  1131  000428  EF1A  F002         	goto	i2l911
  1132  00042C                     i2u15_40:
  1133  00042C  6C03               	negf	___awmod@divisor^0,c
  1134  00042E  1E04               	comf	(___awmod@divisor+1)^0,f,c
  1135  000430  B0D8               	btfsc	status,0,c
  1136  000432  2A04               	incf	(___awmod@divisor+1)^0,f,c
  1137  000434                     i2l911:
  1138  000434  5003               	movf	___awmod@divisor^0,w,c
  1139  000436  1004               	iorwf	(___awmod@divisor+1)^0,w,c
  1140  000438  B4D8               	btfsc	status,2,c
  1141  00043A  EF21  F002         	goto	i2u16_41
  1142  00043E  EF23  F002         	goto	i2u16_40
  1143  000442                     i2u16_41:
  1144  000442  EF47  F002         	goto	i2l927
  1145  000446                     i2u16_40:
  1146  000446  0E01               	movlw	1
  1147  000448  6E05               	movwf	___awmod@counter^0,c
  1148  00044A  EF2B  F002         	goto	i2l917
  1149  00044E                     i2l915:
  1150  00044E  90D8               	bcf	status,0,c
  1151  000450  3603               	rlcf	___awmod@divisor^0,f,c
  1152  000452  3604               	rlcf	(___awmod@divisor+1)^0,f,c
  1153  000454  2A05               	incf	___awmod@counter^0,f,c
  1154  000456                     i2l917:
  1155  000456  AE04               	btfss	(___awmod@divisor+1)^0,7,c
  1156  000458  EF30  F002         	goto	i2u17_41
  1157  00045C  EF32  F002         	goto	i2u17_40
  1158  000460                     i2u17_41:
  1159  000460  EF27  F002         	goto	i2l915
  1160  000464                     i2u17_40:
  1161  000464                     i2l919:
  1162  000464  5003               	movf	___awmod@divisor^0,w,c
  1163  000466  5C01               	subwf	___awmod@dividend^0,w,c
  1164  000468  5004               	movf	(___awmod@divisor+1)^0,w,c
  1165  00046A  5802               	subwfb	(___awmod@dividend+1)^0,w,c
  1166  00046C  A0D8               	btfss	status,0,c
  1167  00046E  EF3B  F002         	goto	i2u18_41
  1168  000472  EF3D  F002         	goto	i2u18_40
  1169  000476                     i2u18_41:
  1170  000476  EF41  F002         	goto	i2l923
  1171  00047A                     i2u18_40:
  1172  00047A  5003               	movf	___awmod@divisor^0,w,c
  1173  00047C  5E01               	subwf	___awmod@dividend^0,f,c
  1174  00047E  5004               	movf	(___awmod@divisor+1)^0,w,c
  1175  000480  5A02               	subwfb	(___awmod@dividend+1)^0,f,c
  1176  000482                     i2l923:
  1177  000482  90D8               	bcf	status,0,c
  1178  000484  3204               	rrcf	(___awmod@divisor+1)^0,f,c
  1179  000486  3203               	rrcf	___awmod@divisor^0,f,c
  1180  000488  2E05               	decfsz	___awmod@counter^0,f,c
  1181  00048A  EF32  F002         	goto	i2l919
  1182  00048E                     i2l927:
  1183  00048E  5006               	movf	___awmod@sign^0,w,c
  1184  000490  B4D8               	btfsc	status,2,c
  1185  000492  EF4D  F002         	goto	i2u19_41
  1186  000496  EF4F  F002         	goto	i2u19_40
  1187  00049A                     i2u19_41:
  1188  00049A  EF53  F002         	goto	i2l931
  1189  00049E                     i2u19_40:
  1190  00049E  6C01               	negf	___awmod@dividend^0,c
  1191  0004A0  1E02               	comf	(___awmod@dividend+1)^0,f,c
  1192  0004A2  B0D8               	btfsc	status,0,c
  1193  0004A4  2A02               	incf	(___awmod@dividend+1)^0,f,c
  1194  0004A6                     i2l931:
  1195  0004A6  C001  F001         	movff	___awmod@dividend,?___awmod
  1196  0004AA  C002  F002         	movff	___awmod@dividend+1,?___awmod+1
  1197  0004AE  0012               	return		;funcret
  1198  0004B0                     __end_of___awmod:
  1199                           	callstack 0
  1200  0000                     
  1201                           	psect	rparam
  1202  0000                     
  1203                           	psect	temp
  1204  00001D                     btemp:
  1205                           	callstack 0
  1206  00001D                     	ds	1
  1207  0000                     int$flags	set	btemp
  1208  0000                     wtemp8	set	btemp+1
  1209  0000                     ttemp5	set	btemp+1
  1210  0000                     ttemp6	set	btemp+4
  1211  0000                     ttemp7	set	btemp+8
  1212                           
  1213                           	psect	idloc
  1214                           
  1215                           ;Config register IDLOC0 @ 0x200000
  1216                           ;	unspecified, using default values
  1217  200000                     	org	2097152
  1218  200000  FF                 	db	255
  1219                           
  1220                           ;Config register IDLOC1 @ 0x200001
  1221                           ;	unspecified, using default values
  1222  200001                     	org	2097153
  1223  200001  FF                 	db	255
  1224                           
  1225                           ;Config register IDLOC2 @ 0x200002
  1226                           ;	unspecified, using default values
  1227  200002                     	org	2097154
  1228  200002  FF                 	db	255
  1229                           
  1230                           ;Config register IDLOC3 @ 0x200003
  1231                           ;	unspecified, using default values
  1232  200003                     	org	2097155
  1233  200003  FF                 	db	255
  1234                           
  1235                           ;Config register IDLOC4 @ 0x200004
  1236                           ;	unspecified, using default values
  1237  200004                     	org	2097156
  1238  200004  FF                 	db	255
  1239                           
  1240                           ;Config register IDLOC5 @ 0x200005
  1241                           ;	unspecified, using default values
  1242  200005                     	org	2097157
  1243  200005  FF                 	db	255
  1244                           
  1245                           ;Config register IDLOC6 @ 0x200006
  1246                           ;	unspecified, using default values
  1247  200006                     	org	2097158
  1248  200006  FF                 	db	255
  1249                           
  1250                           ;Config register IDLOC7 @ 0x200007
  1251                           ;	unspecified, using default values
  1252  200007                     	org	2097159
  1253  200007  FF                 	db	255
  1254                           
  1255                           	psect	config
  1256                           
  1257                           ; Padding undefined space
  1258  300000                     	org	3145728
  1259  300000  FF                 	db	255
  1260                           
  1261                           ;Config register CONFIG1H @ 0x300001
  1262                           ;	unspecified, using default values
  1263                           ;	Oscillator Selection bits
  1264                           ;	OSC = 0x7, unprogrammed default
  1265                           ;	Fail-Safe Clock Monitor Enable bit
  1266                           ;	FCMEN = 0x0, unprogrammed default
  1267                           ;	Internal/External Oscillator Switchover bit
  1268                           ;	IESO = 0x0, unprogrammed default
  1269  300001                     	org	3145729
  1270  300001  07                 	db	7
  1271                           
  1272                           ;Config register CONFIG2L @ 0x300002
  1273                           ;	unspecified, using default values
  1274                           ;	Power-up Timer Enable bit
  1275                           ;	PWRT = 0x1, unprogrammed default
  1276                           ;	Brown-out Reset Enable bits
  1277                           ;	BOREN = 0x3, unprogrammed default
  1278                           ;	Brown Out Reset Voltage bits
  1279                           ;	BORV = 0x3, unprogrammed default
  1280  300002                     	org	3145730
  1281  300002  1F                 	db	31
  1282                           
  1283                           ;Config register CONFIG2H @ 0x300003
  1284                           ;	unspecified, using default values
  1285                           ;	Watchdog Timer Enable bit
  1286                           ;	WDT = 0x1, unprogrammed default
  1287                           ;	Watchdog Timer Postscale Select bits
  1288                           ;	WDTPS = 0xF, unprogrammed default
  1289  300003                     	org	3145731
  1290  300003  1F                 	db	31
  1291                           
  1292                           ; Padding undefined space
  1293  300004                     	org	3145732
  1294  300004  FF                 	db	255
  1295                           
  1296                           ;Config register CONFIG3H @ 0x300005
  1297                           ;	unspecified, using default values
  1298                           ;	CCP2 MUX bit
  1299                           ;	CCP2MX = 0x1, unprogrammed default
  1300                           ;	PORTB A/D Enable bit
  1301                           ;	PBADEN = 0x1, unprogrammed default
  1302                           ;	Low-Power Timer1 Oscillator Enable bit
  1303                           ;	LPT1OSC = 0x0, unprogrammed default
  1304                           ;	MCLR Pin Enable bit
  1305                           ;	MCLRE = 0x1, unprogrammed default
  1306  300005                     	org	3145733
  1307  300005  83                 	db	131
  1308                           
  1309                           ;Config register CONFIG4L @ 0x300006
  1310                           ;	unspecified, using default values
  1311                           ;	Stack Full/Underflow Reset Enable bit
  1312                           ;	STVREN = 0x1, unprogrammed default
  1313                           ;	Single-Supply ICSP Enable bit
  1314                           ;	LVP = 0x1, unprogrammed default
  1315                           ;	Extended Instruction Set Enable bit
  1316                           ;	XINST = 0x0, unprogrammed default
  1317                           ;	Background Debugger Enable bit
  1318                           ;	DEBUG = 0x1, unprogrammed default
  1319  300006                     	org	3145734
  1320  300006  85                 	db	133
  1321                           
  1322                           ; Padding undefined space
  1323  300007                     	org	3145735
  1324  300007  FF                 	db	255
  1325                           
  1326                           ;Config register CONFIG5L @ 0x300008
  1327                           ;	unspecified, using default values
  1328                           ;	Code Protection bit
  1329                           ;	CP0 = 0x1, unprogrammed default
  1330                           ;	Code Protection bit
  1331                           ;	CP1 = 0x1, unprogrammed default
  1332                           ;	Code Protection bit
  1333                           ;	CP2 = 0x1, unprogrammed default
  1334                           ;	Code Protection bit
  1335                           ;	CP3 = 0x1, unprogrammed default
  1336  300008                     	org	3145736
  1337  300008  0F                 	db	15
  1338                           
  1339                           ;Config register CONFIG5H @ 0x300009
  1340                           ;	unspecified, using default values
  1341                           ;	Boot Block Code Protection bit
  1342                           ;	CPB = 0x1, unprogrammed default
  1343                           ;	Data EEPROM Code Protection bit
  1344                           ;	CPD = 0x1, unprogrammed default
  1345  300009                     	org	3145737
  1346  300009  C0                 	db	192
  1347                           
  1348                           ;Config register CONFIG6L @ 0x30000A
  1349                           ;	unspecified, using default values
  1350                           ;	Write Protection bit
  1351                           ;	WRT0 = 0x1, unprogrammed default
  1352                           ;	Write Protection bit
  1353                           ;	WRT1 = 0x1, unprogrammed default
  1354                           ;	Write Protection bit
  1355                           ;	WRT2 = 0x1, unprogrammed default
  1356                           ;	Write Protection bit
  1357                           ;	WRT3 = 0x1, unprogrammed default
  1358  30000A                     	org	3145738
  1359  30000A  0F                 	db	15
  1360                           
  1361                           ;Config register CONFIG6H @ 0x30000B
  1362                           ;	unspecified, using default values
  1363                           ;	Configuration Register Write Protection bit
  1364                           ;	WRTC = 0x1, unprogrammed default
  1365                           ;	Boot Block Write Protection bit
  1366                           ;	WRTB = 0x1, unprogrammed default
  1367                           ;	Data EEPROM Write Protection bit
  1368                           ;	WRTD = 0x1, unprogrammed default
  1369  30000B                     	org	3145739
  1370  30000B  E0                 	db	224
  1371                           
  1372                           ;Config register CONFIG7L @ 0x30000C
  1373                           ;	unspecified, using default values
  1374                           ;	Table Read Protection bit
  1375                           ;	EBTR0 = 0x1, unprogrammed default
  1376                           ;	Table Read Protection bit
  1377                           ;	EBTR1 = 0x1, unprogrammed default
  1378                           ;	Table Read Protection bit
  1379                           ;	EBTR2 = 0x1, unprogrammed default
  1380                           ;	Table Read Protection bit
  1381                           ;	EBTR3 = 0x1, unprogrammed default
  1382  30000C                     	org	3145740
  1383  30000C  0F                 	db	15
  1384                           
  1385                           ;Config register CONFIG7H @ 0x30000D
  1386                           ;	unspecified, using default values
  1387                           ;	Boot Block Table Read Protection bit
  1388                           ;	EBTRB = 0x1, unprogrammed default
  1389  30000D                     	org	3145741
  1390  30000D  40                 	db	64
  1391                           tosu	equ	0xFFF
  1392                           tosh	equ	0xFFE
  1393                           tosl	equ	0xFFD
  1394                           stkptr	equ	0xFFC
  1395                           pclatu	equ	0xFFB
  1396                           pclath	equ	0xFFA
  1397                           pcl	equ	0xFF9
  1398                           tblptru	equ	0xFF8
  1399                           tblptrh	equ	0xFF7
  1400                           tblptrl	equ	0xFF6
  1401                           tablat	equ	0xFF5
  1402                           prodh	equ	0xFF4
  1403                           prodl	equ	0xFF3
  1404                           indf0	equ	0xFEF
  1405                           postinc0	equ	0xFEE
  1406                           postdec0	equ	0xFED
  1407                           preinc0	equ	0xFEC
  1408                           plusw0	equ	0xFEB
  1409                           fsr0h	equ	0xFEA
  1410                           fsr0l	equ	0xFE9
  1411                           wreg	equ	0xFE8
  1412                           indf1	equ	0xFE7
  1413                           postinc1	equ	0xFE6
  1414                           postdec1	equ	0xFE5
  1415                           preinc1	equ	0xFE4
  1416                           plusw1	equ	0xFE3
  1417                           fsr1h	equ	0xFE2
  1418                           fsr1l	equ	0xFE1
  1419                           bsr	equ	0xFE0
  1420                           indf2	equ	0xFDF
  1421                           postinc2	equ	0xFDE
  1422                           postdec2	equ	0xFDD
  1423                           preinc2	equ	0xFDC
  1424                           plusw2	equ	0xFDB
  1425                           fsr2h	equ	0xFDA
  1426                           fsr2l	equ	0xFD9
  1427                           status	equ	0xFD8

Data Sizes:
    Strings     0
    Constant    0
    Data        2
    BSS         282
    Persistent  0
    Stack       0

Auto Spaces:
    Space          Size  Autos    Used
    COMRAM          126     24      28
    BANK0           128      0       0
    BANK1           256      0       0
    BANK2           256      0       0
    BANK3           256      0       0
    BANK4           256      0       0
    BANK5           256      0       0

Pointer List with Targets:

    S25pcb$task_ptr	PTR FTN()void  size(2) Largest target is 1
		 -> t3(), t2(), t1(), 

    FILA_TAREFAS.task_ptr	PTR FTN()void  size(2) Largest target is 1
		 -> t3(), t2(), t1(), 


Critical Paths under _main in COMRAM

    _main->___wmul

Critical Paths under _ISR_timer in COMRAM

    _ISR_timer->_rr_scheduler
    _rr_scheduler->___awmod

Critical Paths under _main in BANK0

    None.

Critical Paths under _ISR_timer in BANK0

    None.

Critical Paths under _main in BANK1

    None.

Critical Paths under _ISR_timer in BANK1

    None.

Critical Paths under _main in BANK2

    None.

Critical Paths under _ISR_timer in BANK2

    None.

Critical Paths under _main in BANK3

    None.

Critical Paths under _ISR_timer in BANK3

    None.

Critical Paths under _main in BANK4

    None.

Critical Paths under _ISR_timer in BANK4

    None.

Critical Paths under _main in BANK5

    None.

Critical Paths under _ISR_timer in BANK5

    None.

Call Graph Tables:

 ---------------------------------------------------------------------------------
 (Depth) Function   	        Calls       Base Space   Used Autos Params    Refs
 ---------------------------------------------------------------------------------
 (0) _main                                                 0     0      0    2527
                             ___wmul
                       _config_timer
                  _config_user_tasks
                       _start_kernel
 ---------------------------------------------------------------------------------
 (1) _start_kernel                                         0     0      0       0
 ---------------------------------------------------------------------------------
 (1) _config_user_tasks                                    0     0      0       0
 ---------------------------------------------------------------------------------
 (1) _config_timer                                         0     0      0       0
 ---------------------------------------------------------------------------------
 (1) ___wmul                                               6     2      4    2527
                                             18 COMRAM     6     2      4
 ---------------------------------------------------------------------------------
 Estimated maximum stack depth 1
 ---------------------------------------------------------------------------------
 (Depth) Function   	        Calls       Base Space   Used Autos Params    Refs
 ---------------------------------------------------------------------------------
 (2) _ISR_timer                                           10    10      0    1127
                                              8 COMRAM    10    10      0
                       _rr_scheduler
                           i2___wmul
 ---------------------------------------------------------------------------------
 (3) i2___wmul                                             6     2      4     679
                                              0 COMRAM     6     2      4
 ---------------------------------------------------------------------------------
 (3) _rr_scheduler                                         2     0      2     448
                                              6 COMRAM     2     0      2
                            ___awmod
 ---------------------------------------------------------------------------------
 (4) ___awmod                                              6     2      4     448
                                              0 COMRAM     6     2      4
 ---------------------------------------------------------------------------------
 Estimated maximum stack depth 4
 ---------------------------------------------------------------------------------

 Call Graph Graphs:

 _main (ROOT)
   ___wmul
   _config_timer
   _config_user_tasks
   _start_kernel

 _ISR_timer (ROOT)
   _rr_scheduler
     ___awmod
   i2___wmul

 Address spaces:
Name               Size   Autos  Total    Cost      Usage
BIGRAM             5FF      0     118      17       18.2%
EEDATA             100      0       0       0        0.0%
BITBANK5           100      0       0      16        0.0%
BANK5              100      0       0      14        0.0%
BITBANK4           100      0       0      12        0.0%
BANK4              100      0       0      13        0.0%
BITBANK3           100      0       0      10        0.0%
BANK3              100      0       0      11        0.0%
BITBANK2           100      0       0       8        0.0%
BANK2              100      0       0       9        0.0%
BITBANK1           100      0       0       6        0.0%
BANK1              100      0       0       7        0.0%
BITBANK0            80      0       0       4        0.0%
BANK0               80      0       0       5        0.0%
BITCOMRAM           7E      0       0       0        0.0%
COMRAM              7E     18      1C       1       22.2%
BITSFR               0      0       0     200        0.0%
SFR                  0      0       0     200        0.0%
STACK                0      0       0       2        0.0%
NULL                 0      0       0       0        0.0%
ABS                  0      0      1C      15        0.0%
DATA                 0      0     134       3        0.0%
CODE                 0      0       0       0        0.0%


Microchip Technology PIC18 Macro Assembler V2.32 build 20210201212658 
Symbol Table                                                                                   Mon Jul 12 13:53:02 2021

     __size_of_start_kernel 0006   __end_of_config_user_tasks 0580                          l23 03F8  
                        l24 03F8                          l65 0576                          l68 0584  
                        l77 057E                          l98 0538                          _t1 000000  
                        _t2 000000                          _t3 000000         ___wmul@multiplicand 0015  
                       l811 0568                         l813 0570                         l807 0578  
                       l815 0580                         l809 0560                         l817 0582  
                       l941 0514                         l943 0530                         l961 02F4  
                       l953 0278                         l971 0374                         l963 02F8  
                       l955 027C                         l981 03F4                         l973 039C  
                       l965 0320                         l957 02A4                         l975 03C4  
                       l967 0348                         l959 02CC                         l977 03EC  
                       l969 0370                         l979 03F0                         _TOS 000FFD  
                       _vez 001B                ___awmod@sign 0006                        i2l50 0024  
                      i2l51 010C                        i2l45 0512                        i2l62 0264  
                      i2l57 0228                        i2l58 0152                        i2l98 055E  
              _start_kernel 0580                        _main 0278                        fsr1h 000FE2  
                      fsr2h 000FDA                        fsr1l 000FE1                        fsr2l 000FD9  
                      btemp 001D                        prodh 000FF4                        prodl 000FF3  
                      start 000E              ??_config_timer 0013                ___param_bank 000000  
                     ?_main 0001             _tasks_installed 0019             __end_of___awmod 04B0  
                     i2l342 04AE                       i2l901 0404                       i2l911 0434  
                     i2l903 0412                       i2l921 047A                       i2l913 0446  
                     i2l905 041A                       i2l931 04A6                       i2l923 0482  
                     i2l915 044E                       i2l907 041E                       i2l925 0488  
                     i2l917 0456                       i2l909 042C                       i2l919 0464  
                     i2l927 048E                       i2l935 04EA                       i2l929 049E  
                     i2l937 050A                       i2l947 053A                       i2l949 0556  
                     i2l991 010E                       i2l983 0026                       i2l993 011A  
                     i2l985 003A                       i2l899 0400                       i2l995 011C  
                     i2l987 0066                       i2l997 0120                       i2l989 00FC  
                     i2l999 0154                       _TMR0L 000FD6          __size_of_ISR_timer 0270  
                     tablat 000FF5            __end_ofi2___wmul 0560                       ttemp5 001E  
                     ttemp6 0021                       ttemp7 0025                       status 000FD8  
                     wtemp8 001E             __initialization 04B0                __end_of_main 0400  
__size_of_config_user_tasks 0008                      ??_main 0019               __activetblptr 000000  
                    i2l1001 022A                      i2l1003 025C                      i2l1005 025E  
                    i2l1007 0262                      _STKPTR 000FFC           __end_of_ISR_timer 0278  
                    ___wmul 0514                   ??___awmod 0005                      clear_0 04D0  
           ___awmod@divisor 0003                      isa$std 000001             ___awmod@counter 0005  
              __pdataCOMRAM 001B        __end_of_config_timer 0578                      tblptrh 000FF7  
                    tblptrl 000FF6                      tblptru 000FF8                  __accesstop 0080  
   __end_of__initialization 04E0               ___rparam_used 000001              __pcstackCOMRAM 0001  
                 ?i2___wmul 0001                _FILA_TAREFAS 04E8                     ?___wmul 0013  
                ??i2___wmul 0005                     i2u20_40 003A                     i2u20_41 0036  
                   i2u21_40 010C                     i2u21_41 0108                     i2u14_40 0412  
                   i2u22_40 0152                     i2u14_41 040E                     i2u22_41 014E  
                   i2u15_40 042C                     i2u23_40 0224                     i2u15_41 0428  
                   i2u23_41 0220                     i2u16_40 0446                     i2u16_41 0442  
                   i2u17_40 0464                     i2u17_41 0460                     i2u18_40 047A  
                   i2u18_41 0476                     i2u19_40 049E                     i2u19_41 049A  
                   __Hparam 0000                     __Lparam 0000                     ___awmod 0400  
           __size_of___wmul 0026                     __pcinit 04B0       __size_of_config_timer 0018  
                   __ramtop 0600                     __ptext0 0278                     __ptext1 0580  
                   __ptext2 0578                     __ptext3 0560                     __ptext4 0514  
                   __ptext6 053A                     __ptext7 04EA                     __ptext8 0400  
                 _T0CONbits 000FD5            ___awmod@dividend 0001              __pintcode_body 0012  
      end_of_initialization 04E0                     int_func 0012         i2___wmul@multiplier 0001  
              _config_timer 0560                     postdec1 000FE5                     postdec2 000FDD  
             ?_rr_scheduler 0007                     postinc0 000FEE                     postinc2 000FDE  
                 _ISR_timer 0008                   _PORTDbits 000F83                   _TRISDbits 000F95  
            ??_rr_scheduler 0009              __end_of___wmul 053A               __pidataCOMRAM 0586  
                ?_ISR_timer 0001            i2___wmul@product 0005         start_initialization 04B0  
         __size_ofi2___wmul 0026               ?_start_kernel 0001                    ??___wmul 0017  
               __pbssBIGRAM 04E8                 __pbssCOMRAM 0019              ??_start_kernel 0013  
                 __pintcode 0008                    ?___awmod 0001                 ??_ISR_timer 0009  
      __end_of_rr_scheduler 0514              ___wmul@product 0017                    _LATDbits 000F8C  
         ___wmul@multiplier 0013                    i2___wmul 053A                    __Hrparam 0000  
                  __Lrparam 0000            __size_of___awmod 00B0       i2___wmul@multiplicand 0003  
      __end_of_start_kernel 0586               __size_of_main 0188                    isa$xinst 000000  
                  int$flags 001D       __size_of_rr_scheduler 002A                  _INTCONbits 000FF2  
                  intlevel2 0000                _rr_scheduler 04EA           _config_user_tasks 0578  
        ?_config_user_tasks 0001         ??_config_user_tasks 0013               ?_config_timer 0001  
