

Microchip MPLAB XC8 Assembler V2.32 build 20210201212658 
                                                                                               Mon Jul 12 14:48:24 2021

Microchip MPLAB XC8 C Compiler v2.32 (Free license) build 20210201212658 Og1 
     1                           	processor	18F4520
     2                           	fnconf	rparam,??,?,0
     3                           	pagewidth 120
     4                           	opt	flic
     5                           	psect	idataCOMRAM,global,class=CODE,delta=1,noexec
     6                           	psect	cinit,global,reloc=2,class=CODE,delta=1
     7                           	psect	bssCOMRAM,global,class=COMRAM,space=1,delta=1,lowdata,noexec
     8                           	psect	dataCOMRAM,global,class=COMRAM,space=1,delta=1,lowdata,noexec
     9                           	psect	bssBIGRAM,global,class=BIGRAM,space=1,delta=1,noexec
    10                           	psect	cstackCOMRAM,global,class=COMRAM,space=1,delta=1,lowdata,noexec
    11                           	psect	text0,global,reloc=2,class=CODE,delta=1
    12                           	psect	text1,global,reloc=2,class=CODE,delta=1
    13                           	psect	text2,global,reloc=2,class=CODE,delta=1
    14                           	psect	text3,global,reloc=2,class=CODE,delta=1
    15                           	psect	text4,global,reloc=2,class=CODE,delta=1,group=1
    16                           	psect	intcode,global,reloc=2,class=CODE,delta=1
    17                           	psect	intcode_body,global,reloc=2,class=CODE,delta=1
    18                           	psect	text6,global,reloc=2,class=CODE,delta=1
    19                           	psect	text7,global,reloc=2,class=CODE,delta=1
    20                           	psect	text8,global,reloc=2,class=CODE,delta=1,group=1
    21                           	psect	intsave_regs,global,class=BIGRAM,space=1,delta=1,noexec
    22                           	psect	rparam,global,class=COMRAM,space=1,delta=1,noexec
    23                           	psect	temp,global,ovrld,common,class=COMRAM,space=1,delta=1
    24                           	psect	idloc,global,abs,ovrld,class=IDLOC,space=5,delta=1,noexec
    25                           	psect	config,global,abs,ovrld,class=CONFIG,space=4,delta=1,noexec
    26  0000                     
    27                           ; Version 2.20
    28                           ; Generated 12/02/2020 GMT
    29                           ; 
    30                           ; Copyright © 2020, Microchip Technology Inc. and its subsidiaries ("Microchip")
    31                           ; All rights reserved.
    32                           ; 
    33                           ; This software is developed by Microchip Technology Inc. and its subsidiaries ("Microch
      +                          ip").
    34                           ; 
    35                           ; Redistribution and use in source and binary forms, with or without modification, are
    36                           ; permitted provided that the following conditions are met:
    37                           ; 
    38                           ;     1. Redistributions of source code must retain the above copyright notice, this lis
      +                          t of
    39                           ;        conditions and the following disclaimer.
    40                           ; 
    41                           ;     2. Redistributions in binary form must reproduce the above copyright notice, this 
      +                          list
    42                           ;        of conditions and the following disclaimer in the documentation and/or other
    43                           ;        materials provided with the distribution.
    44                           ; 
    45                           ;     3. Microchip's name may not be used to endorse or promote products derived from th
      +                          is
    46                           ;        software without specific prior written permission.
    47                           ; 
    48                           ; THIS SOFTWARE IS PROVIDED BY MICROCHIP "AS IS" AND ANY EXPRESS OR IMPLIED WARRANTIES,
    49                           ; INCLUDING, BUT NOT LIMITED TO, THE IMPLIED WARRANTIES OF MERCHANTABILITY AND FITNESS F
      +                          OR
    50                           ; PURPOSE ARE DISCLAIMED.  IN NO EVENT SHALL MICROCHIP BE LIABLE FOR ANY DIRECT, INDIREC
      +                          T,
    51                           ; INCIDENTAL, SPECIAL, EXEMPLARY, OR CONSEQUENTIAL DAMAGES (INCLUDING BUT NOT LIMITED TO
    52                           ; PROCUREMENT OF SUBSTITUTE GOODS OR SERVICES; LOSS OF USE, DATA OR PROFITS; OR BUSINESS
    53                           ; INTERRUPTION) HOWSOEVER CAUSED AND ON ANY THEORY OF LIABILITY, WHETHER IN CONTRACT, ST
      +                          RICT
    54                           ; LIABILITY, OR TORT (INCLUDING NEGLIGENCE OR OTHERWISE) ARISING IN ANY WAY OUT OF THE U
      +                          SE OF
    55                           ; THIS SOFTWARE, EVEN IF ADVISED OF THE POSSIBILITY OF SUCH DAMAGE.
    56                           ; 
    57                           ; 
    58                           ; Code-generator required, PIC18F4520 Definitions
    59                           ; 
    60                           ; SFR Addresses
    61  0000                     
    62 ;; Function _t1 is unused but had its address taken
    63  0000                     
    64 ;; Function _t2 is unused but had its address taken
    65  0000                     
    66 ;; Function _t3 is unused but had its address taken
    67  0000                     
    68                           	psect	idataCOMRAM
    69  000592                     __pidataCOMRAM:
    70                           	callstack 0
    71                           
    72                           ;initializer for _vez
    73  000592  FFFF               	dw	65535
    74  0000                     _TOS	set	4093
    75  0000                     _PORTDbits	set	3971
    76  0000                     _LATDbits	set	3980
    77  0000                     _TRISDbits	set	3989
    78  0000                     _T0CONbits	set	4053
    79  0000                     _TMR0L	set	4054
    80  0000                     _STKPTR	set	4092
    81  0000                     _INTCONbits	set	4082
    82                           
    83                           ; #config settings
    84                           
    85                           	psect	cinit
    86  0004BC                     __pcinit:
    87                           	callstack 0
    88  0004BC                     start_initialization:
    89                           	callstack 0
    90  0004BC                     __initialization:
    91                           	callstack 0
    92                           
    93                           ; Initialize objects allocated to COMRAM (2 bytes)
    94                           ; load TBLPTR registers with __pidataCOMRAM
    95  0004BC  0E92               	movlw	low __pidataCOMRAM
    96  0004BE  6EF6               	movwf	tblptrl,c
    97  0004C0  0E05               	movlw	high __pidataCOMRAM
    98  0004C2  6EF7               	movwf	tblptrh,c
    99  0004C4  0E00               	movlw	low (__pidataCOMRAM shr (0+16))
   100  0004C6  6EF8               	movwf	tblptru,c
   101  0004C8  0009               	tblrd		*+	;fetch initializer
   102  0004CA  CFF5 F01B          	movff	tablat,__pdataCOMRAM
   103  0004CE  0009               	tblrd		*+	;fetch initializer
   104  0004D0  CFF5 F01C          	movff	tablat,__pdataCOMRAM+1
   105                           
   106                           ; Clear objects allocated to BIGRAM (280 bytes)
   107  0004D4  EE04  F0E8         	lfsr	0,__pbssBIGRAM
   108  0004D8  EE11 F018          	lfsr	1,280
   109  0004DC                     clear_0:
   110  0004DC  6AEE               	clrf	postinc0,c
   111  0004DE  50E5               	movf	postdec1,w,c
   112  0004E0  50E1               	movf	fsr1l,w,c
   113  0004E2  E1FC               	bnz	clear_0
   114  0004E4  50E2               	movf	fsr1h,w,c
   115  0004E6  E1FA               	bnz	clear_0
   116                           
   117                           ; Clear objects allocated to COMRAM (2 bytes)
   118  0004E8  6A1A               	clrf	(__pbssCOMRAM+1)& (0+255),c
   119  0004EA  6A19               	clrf	__pbssCOMRAM& (0+255),c
   120  0004EC                     end_of_initialization:
   121                           	callstack 0
   122  0004EC                     __end_of__initialization:
   123                           	callstack 0
   124  0004EC  901D               	bcf	int$flags,0,c	;clear compiler interrupt flag (level 1)
   125  0004EE  921D               	bcf	int$flags,1,c	;clear compiler interrupt flag (level 2)
   126  0004F0  0100               	movlb	0
   127  0004F2  EF42  F001         	goto	_main	;jump to C main() function
   128                           
   129                           	psect	bssCOMRAM
   130  000019                     __pbssCOMRAM:
   131                           	callstack 0
   132  000019                     _tasks_installed:
   133                           	callstack 0
   134  000019                     	ds	2
   135                           
   136                           	psect	dataCOMRAM
   137  00001B                     __pdataCOMRAM:
   138                           	callstack 0
   139  00001B                     _vez:
   140                           	callstack 0
   141  00001B                     	ds	2
   142                           
   143                           	psect	bssBIGRAM
   144  0004E8                     __pbssBIGRAM:
   145                           	callstack 0
   146  0004E8                     _FILA_TAREFAS:
   147                           	callstack 0
   148  0004E8                     	ds	280
   149                           
   150                           	psect	cstackCOMRAM
   151  000001                     __pcstackCOMRAM:
   152                           	callstack 0
   153  000001                     ?___awmod:
   154                           	callstack 0
   155  000001                     ?i2___wmul:
   156                           	callstack 0
   157  000001                     ___awmod@dividend:
   158                           	callstack 0
   159  000001                     i2___wmul@multiplier:
   160                           	callstack 0
   161                           
   162                           ; 2 bytes @ 0x0
   163  000001                     	ds	2
   164  000003                     ___awmod@divisor:
   165                           	callstack 0
   166  000003                     i2___wmul@multiplicand:
   167                           	callstack 0
   168                           
   169                           ; 2 bytes @ 0x2
   170  000003                     	ds	2
   171  000005                     ___awmod@counter:
   172                           	callstack 0
   173  000005                     i2___wmul@product:
   174                           	callstack 0
   175                           
   176                           ; 2 bytes @ 0x4
   177  000005                     	ds	1
   178  000006                     ___awmod@sign:
   179                           	callstack 0
   180                           
   181                           ; 1 bytes @ 0x5
   182  000006                     	ds	1
   183  000007                     ?_rr_scheduler:
   184                           	callstack 0
   185                           
   186                           ; 2 bytes @ 0x6
   187  000007                     	ds	2
   188  000009                     ??_ISR_timer:
   189                           
   190                           ; 1 bytes @ 0x8
   191  000009                     	ds	10
   192  000013                     ?___wmul:
   193                           	callstack 0
   194  000013                     ___wmul@multiplier:
   195                           	callstack 0
   196                           
   197                           ; 2 bytes @ 0x12
   198  000013                     	ds	2
   199  000015                     ___wmul@multiplicand:
   200                           	callstack 0
   201                           
   202                           ; 2 bytes @ 0x14
   203  000015                     	ds	2
   204  000017                     ___wmul@product:
   205                           	callstack 0
   206                           
   207                           ; 2 bytes @ 0x16
   208  000017                     	ds	2
   209  000019                     
   210                           ; 1 bytes @ 0x18
   211 ;;
   212 ;;Main: autosize = 0, tempsize = 0, incstack = 0, save=0
   213 ;;
   214 ;; *************** function _main *****************
   215 ;; Defined at:
   216 ;;		line 18 in file "main.c"
   217 ;; Parameters:    Size  Location     Type
   218 ;;		None
   219 ;; Auto vars:     Size  Location     Type
   220 ;;		None
   221 ;; Return value:  Size  Location     Type
   222 ;;                  2   22[None  ] int 
   223 ;; Registers used:
   224 ;;		wreg, fsr2l, fsr2h, status,2, status,0, prodl, prodh, cstack
   225 ;; Tracked objects:
   226 ;;		On entry : 0/0
   227 ;;		On exit  : 0/0
   228 ;;		Unchanged: 0/0
   229 ;; Data sizes:     COMRAM   BANK0   BANK1   BANK2   BANK3   BANK4   BANK5
   230 ;;      Params:         0       0       0       0       0       0       0
   231 ;;      Locals:         0       0       0       0       0       0       0
   232 ;;      Temps:          0       0       0       0       0       0       0
   233 ;;      Totals:         0       0       0       0       0       0       0
   234 ;;Total ram usage:        0 bytes
   235 ;; Hardware stack levels required when called: 4
   236 ;; This function calls:
   237 ;;		___wmul
   238 ;;		_config_timer
   239 ;;		_config_user_tasks
   240 ;;		_start_kernel
   241 ;; This function is called by:
   242 ;;		Startup code after reset
   243 ;; This function uses a non-reentrant model
   244 ;;
   245                           
   246                           	psect	text0
   247  000284                     __ptext0:
   248                           	callstack 0
   249  000284                     _main:
   250                           	callstack 27
   251  000284                     
   252                           ;main.c: 21:    FILA_TAREFAS[tasks_installed].task_id = 3;
   253  000284  ECC2  F002         	call	_config_user_tasks	;wreg free
   254  000288                     
   255                           ;main.c: 24:    tasks_installed++;
   256  000288  C019  F013         	movff	_tasks_installed,___wmul@multiplier
   257  00028C  C01A  F014         	movff	_tasks_installed+1,___wmul@multiplier+1
   258  000290  0E00               	movlw	0
   259  000292  6E16               	movwf	(___wmul@multiplicand+1)^0,c
   260  000294  0E46               	movlw	70
   261  000296  6E15               	movwf	___wmul@multiplicand^0,c
   262  000298  EC90  F002         	call	___wmul	;wreg free
   263  00029C  0EE8               	movlw	low _FILA_TAREFAS
   264  00029E  2413               	addwf	?___wmul^0,w,c
   265  0002A0  6ED9               	movwf	fsr2l,c
   266  0002A2  0E04               	movlw	high _FILA_TAREFAS
   267  0002A4  2014               	addwfc	(?___wmul+1)^0,w,c
   268  0002A6  6EDA               	movwf	fsr2h,c
   269  0002A8  0E01               	movlw	1
   270  0002AA  6EDE               	movwf	postinc2,c
   271  0002AC  0E00               	movlw	0
   272  0002AE  6EDD               	movwf	postdec2,c
   273  0002B0                     
   274                           ;main.c: 25: 
   275  0002B0  C019  F013         	movff	_tasks_installed,___wmul@multiplier
   276  0002B4  C01A  F014         	movff	_tasks_installed+1,___wmul@multiplier+1
   277  0002B8  0E00               	movlw	0
   278  0002BA  6E16               	movwf	(___wmul@multiplicand+1)^0,c
   279  0002BC  0E46               	movlw	70
   280  0002BE  6E15               	movwf	___wmul@multiplicand^0,c
   281  0002C0  EC90  F002         	call	___wmul	;wreg free
   282  0002C4  0EEA               	movlw	low (_FILA_TAREFAS+2)
   283  0002C6  2413               	addwf	?___wmul^0,w,c
   284  0002C8  6ED9               	movwf	fsr2l,c
   285  0002CA  0E04               	movlw	high (_FILA_TAREFAS+2)
   286  0002CC  2014               	addwfc	(?___wmul+1)^0,w,c
   287  0002CE  6EDA               	movwf	fsr2h,c
   288  0002D0  0E00               	movlw	0
   289  0002D2  6EDE               	movwf	postinc2,c
   290  0002D4  0E00               	movlw	0
   291  0002D6  6EDD               	movwf	postdec2,c
   292  0002D8                     
   293                           ;main.c: 26:    config_timer();
   294  0002D8  C019  F013         	movff	_tasks_installed,___wmul@multiplier
   295  0002DC  C01A  F014         	movff	_tasks_installed+1,___wmul@multiplier+1
   296  0002E0  0E00               	movlw	0
   297  0002E2  6E16               	movwf	(___wmul@multiplicand+1)^0,c
   298  0002E4  0E46               	movlw	70
   299  0002E6  6E15               	movwf	___wmul@multiplicand^0,c
   300  0002E8  EC90  F002         	call	___wmul	;wreg free
   301  0002EC  0E2C               	movlw	low (_FILA_TAREFAS+68)
   302  0002EE  2413               	addwf	?___wmul^0,w,c
   303  0002F0  6ED9               	movwf	fsr2l,c
   304  0002F2  0E05               	movlw	high (_FILA_TAREFAS+68)
   305  0002F4  2014               	addwfc	(?___wmul+1)^0,w,c
   306  0002F6  6EDA               	movwf	fsr2h,c
   307  0002F8  0E00               	movlw	0
   308  0002FA  6EDE               	movwf	postinc2,c
   309  0002FC  0E00               	movlw	0
   310  0002FE  6EDD               	movwf	postdec2,c
   311  000300                     
   312                           ;main.c: 27:    start_kernel();
   313  000300  4A19               	infsnz	_tasks_installed^0,f,c
   314  000302  2A1A               	incf	(_tasks_installed+1)^0,f,c
   315  000304                     
   316                           ;main.c: 29:    while (1) {
   317  000304  C019  F013         	movff	_tasks_installed,___wmul@multiplier
   318  000308  C01A  F014         	movff	_tasks_installed+1,___wmul@multiplier+1
   319  00030C  0E00               	movlw	0
   320  00030E  6E16               	movwf	(___wmul@multiplicand+1)^0,c
   321  000310  0E46               	movlw	70
   322  000312  6E15               	movwf	___wmul@multiplicand^0,c
   323  000314  EC90  F002         	call	___wmul	;wreg free
   324  000318  0EE8               	movlw	low _FILA_TAREFAS
   325  00031A  2413               	addwf	?___wmul^0,w,c
   326  00031C  6ED9               	movwf	fsr2l,c
   327  00031E  0E04               	movlw	high _FILA_TAREFAS
   328  000320  2014               	addwfc	(?___wmul+1)^0,w,c
   329  000322  6EDA               	movwf	fsr2h,c
   330  000324  0E02               	movlw	2
   331  000326  6EDE               	movwf	postinc2,c
   332  000328  0E00               	movlw	0
   333  00032A  6EDD               	movwf	postdec2,c
   334  00032C                     
   335                           ;main.c: 30: 
   336  00032C  C019  F013         	movff	_tasks_installed,___wmul@multiplier
   337  000330  C01A  F014         	movff	_tasks_installed+1,___wmul@multiplier+1
   338  000334  0E00               	movlw	0
   339  000336  6E16               	movwf	(___wmul@multiplicand+1)^0,c
   340  000338  0E46               	movlw	70
   341  00033A  6E15               	movwf	___wmul@multiplicand^0,c
   342  00033C  EC90  F002         	call	___wmul	;wreg free
   343  000340  0EEA               	movlw	low (_FILA_TAREFAS+2)
   344  000342  2413               	addwf	?___wmul^0,w,c
   345  000344  6ED9               	movwf	fsr2l,c
   346  000346  0E04               	movlw	high (_FILA_TAREFAS+2)
   347  000348  2014               	addwfc	(?___wmul+1)^0,w,c
   348  00034A  6EDA               	movwf	fsr2h,c
   349  00034C  0E00               	movlw	0
   350  00034E  6EDE               	movwf	postinc2,c
   351  000350  0E00               	movlw	0
   352  000352  6EDD               	movwf	postdec2,c
   353  000354                     
   354                           ;main.c: 31:    }
   355  000354  C019  F013         	movff	_tasks_installed,___wmul@multiplier
   356  000358  C01A  F014         	movff	_tasks_installed+1,___wmul@multiplier+1
   357  00035C  0E00               	movlw	0
   358  00035E  6E16               	movwf	(___wmul@multiplicand+1)^0,c
   359  000360  0E46               	movlw	70
   360  000362  6E15               	movwf	___wmul@multiplicand^0,c
   361  000364  EC90  F002         	call	___wmul	;wreg free
   362  000368  0E2C               	movlw	low (_FILA_TAREFAS+68)
   363  00036A  2413               	addwf	?___wmul^0,w,c
   364  00036C  6ED9               	movwf	fsr2l,c
   365  00036E  0E05               	movlw	high (_FILA_TAREFAS+68)
   366  000370  2014               	addwfc	(?___wmul+1)^0,w,c
   367  000372  6EDA               	movwf	fsr2h,c
   368  000374  0E00               	movlw	0
   369  000376  6EDE               	movwf	postinc2,c
   370  000378  0E00               	movlw	0
   371  00037A  6EDD               	movwf	postdec2,c
   372  00037C                     
   373                           ;main.c: 32: 
   374  00037C  4A19               	infsnz	_tasks_installed^0,f,c
   375  00037E  2A1A               	incf	(_tasks_installed+1)^0,f,c
   376  000380                     
   377                           ;main.c: 34: }
   378  000380  C019  F013         	movff	_tasks_installed,___wmul@multiplier
   379  000384  C01A  F014         	movff	_tasks_installed+1,___wmul@multiplier+1
   380  000388  0E00               	movlw	0
   381  00038A  6E16               	movwf	(___wmul@multiplicand+1)^0,c
   382  00038C  0E46               	movlw	70
   383  00038E  6E15               	movwf	___wmul@multiplicand^0,c
   384  000390  EC90  F002         	call	___wmul	;wreg free
   385  000394  0EE8               	movlw	low _FILA_TAREFAS
   386  000396  2413               	addwf	?___wmul^0,w,c
   387  000398  6ED9               	movwf	fsr2l,c
   388  00039A  0E04               	movlw	high _FILA_TAREFAS
   389  00039C  2014               	addwfc	(?___wmul+1)^0,w,c
   390  00039E  6EDA               	movwf	fsr2h,c
   391  0003A0  0E03               	movlw	3
   392  0003A2  6EDE               	movwf	postinc2,c
   393  0003A4  0E00               	movlw	0
   394  0003A6  6EDD               	movwf	postdec2,c
   395  0003A8  C019  F013         	movff	_tasks_installed,___wmul@multiplier
   396  0003AC  C01A  F014         	movff	_tasks_installed+1,___wmul@multiplier+1
   397  0003B0  0E00               	movlw	0
   398  0003B2  6E16               	movwf	(___wmul@multiplicand+1)^0,c
   399  0003B4  0E46               	movlw	70
   400  0003B6  6E15               	movwf	___wmul@multiplicand^0,c
   401  0003B8  EC90  F002         	call	___wmul	;wreg free
   402  0003BC  0EEA               	movlw	low (_FILA_TAREFAS+2)
   403  0003BE  2413               	addwf	?___wmul^0,w,c
   404  0003C0  6ED9               	movwf	fsr2l,c
   405  0003C2  0E04               	movlw	high (_FILA_TAREFAS+2)
   406  0003C4  2014               	addwfc	(?___wmul+1)^0,w,c
   407  0003C6  6EDA               	movwf	fsr2h,c
   408  0003C8  0E00               	movlw	0
   409  0003CA  6EDE               	movwf	postinc2,c
   410  0003CC  0E00               	movlw	0
   411  0003CE  6EDD               	movwf	postdec2,c
   412  0003D0  C019  F013         	movff	_tasks_installed,___wmul@multiplier
   413  0003D4  C01A  F014         	movff	_tasks_installed+1,___wmul@multiplier+1
   414  0003D8  0E00               	movlw	0
   415  0003DA  6E16               	movwf	(___wmul@multiplicand+1)^0,c
   416  0003DC  0E46               	movlw	70
   417  0003DE  6E15               	movwf	___wmul@multiplicand^0,c
   418  0003E0  EC90  F002         	call	___wmul	;wreg free
   419  0003E4  0E2C               	movlw	low (_FILA_TAREFAS+68)
   420  0003E6  2413               	addwf	?___wmul^0,w,c
   421  0003E8  6ED9               	movwf	fsr2l,c
   422  0003EA  0E05               	movlw	high (_FILA_TAREFAS+68)
   423  0003EC  2014               	addwfc	(?___wmul+1)^0,w,c
   424  0003EE  6EDA               	movwf	fsr2h,c
   425  0003F0  0E00               	movlw	0
   426  0003F2  6EDE               	movwf	postinc2,c
   427  0003F4  0E00               	movlw	0
   428  0003F6  6EDD               	movwf	postdec2,c
   429  0003F8  4A19               	infsnz	_tasks_installed^0,f,c
   430  0003FA  2A1A               	incf	(_tasks_installed+1)^0,f,c
   431  0003FC  ECB6  F002         	call	_config_timer	;wreg free
   432  000400  ECC6  F002         	call	_start_kernel	;wreg free
   433  000404                     l23:
   434  000404  EF02  F002         	goto	l23
   435  000408  EF07  F000         	goto	start
   436  00040C                     __end_of_main:
   437                           	callstack 0
   438                           
   439 ;; *************** function _start_kernel *****************
   440 ;; Defined at:
   441 ;;		line 33 in file "system_call.c"
   442 ;; Parameters:    Size  Location     Type
   443 ;;		None
   444 ;; Auto vars:     Size  Location     Type
   445 ;;		None
   446 ;; Return value:  Size  Location     Type
   447 ;;                  1    wreg      void 
   448 ;; Registers used:
   449 ;;		wreg
   450 ;; Tracked objects:
   451 ;;		On entry : 0/0
   452 ;;		On exit  : 0/0
   453 ;;		Unchanged: 0/0
   454 ;; Data sizes:     COMRAM   BANK0   BANK1   BANK2   BANK3   BANK4   BANK5
   455 ;;      Params:         0       0       0       0       0       0       0
   456 ;;      Locals:         0       0       0       0       0       0       0
   457 ;;      Temps:          0       0       0       0       0       0       0
   458 ;;      Totals:         0       0       0       0       0       0       0
   459 ;;Total ram usage:        0 bytes
   460 ;; Hardware stack levels used: 1
   461 ;; Hardware stack levels required when called: 3
   462 ;; This function calls:
   463 ;;		Nothing
   464 ;; This function is called by:
   465 ;;		_main
   466 ;; This function uses a non-reentrant model
   467 ;;
   468                           
   469                           	psect	text1
   470  00058C                     __ptext1:
   471                           	callstack 0
   472  00058C                     _start_kernel:
   473                           	callstack 27
   474  00058C                     
   475                           ;system_call.c: 35:    INTCONbits.GIE = 1;
   476  00058C  8EF2               	bsf	242,7,c	;volatile
   477  00058E                     
   478                           ;system_call.c: 36:    T0CONbits.TMR0ON;
   479  00058E  50D5               	movf	213,w,c	;volatile
   480  000590  0012               	return		;funcret
   481  000592                     __end_of_start_kernel:
   482                           	callstack 0
   483                           
   484 ;; *************** function _config_user_tasks *****************
   485 ;; Defined at:
   486 ;;		line 4 in file "user_tasks.c"
   487 ;; Parameters:    Size  Location     Type
   488 ;;		None
   489 ;; Auto vars:     Size  Location     Type
   490 ;;		None
   491 ;; Return value:  Size  Location     Type
   492 ;;                  1    wreg      void 
   493 ;; Registers used:
   494 ;;		None
   495 ;; Tracked objects:
   496 ;;		On entry : 0/0
   497 ;;		On exit  : 0/0
   498 ;;		Unchanged: 0/0
   499 ;; Data sizes:     COMRAM   BANK0   BANK1   BANK2   BANK3   BANK4   BANK5
   500 ;;      Params:         0       0       0       0       0       0       0
   501 ;;      Locals:         0       0       0       0       0       0       0
   502 ;;      Temps:          0       0       0       0       0       0       0
   503 ;;      Totals:         0       0       0       0       0       0       0
   504 ;;Total ram usage:        0 bytes
   505 ;; Hardware stack levels used: 1
   506 ;; Hardware stack levels required when called: 3
   507 ;; This function calls:
   508 ;;		Nothing
   509 ;; This function is called by:
   510 ;;		_main
   511 ;; This function uses a non-reentrant model
   512 ;;
   513                           
   514                           	psect	text2
   515  000584                     __ptext2:
   516                           	callstack 0
   517  000584                     _config_user_tasks:
   518                           	callstack 27
   519  000584                     
   520                           ;user_tasks.c: 6:    TRISDbits.RD0 = 0;
   521  000584  9095               	bcf	149,0,c	;volatile
   522                           
   523                           ;user_tasks.c: 7:    TRISDbits.RD1 = 0;
   524  000586  9295               	bcf	149,1,c	;volatile
   525                           
   526                           ;user_tasks.c: 8:    TRISDbits.RD2 = 0;
   527  000588  9495               	bcf	149,2,c	;volatile
   528  00058A  0012               	return		;funcret
   529  00058C                     __end_of_config_user_tasks:
   530                           	callstack 0
   531                           
   532 ;; *************** function _config_timer *****************
   533 ;; Defined at:
   534 ;;		line 21 in file "system_call.c"
   535 ;; Parameters:    Size  Location     Type
   536 ;;		None
   537 ;; Auto vars:     Size  Location     Type
   538 ;;		None
   539 ;; Return value:  Size  Location     Type
   540 ;;                  1    wreg      void 
   541 ;; Registers used:
   542 ;;		wreg, status,2
   543 ;; Tracked objects:
   544 ;;		On entry : 0/0
   545 ;;		On exit  : 0/0
   546 ;;		Unchanged: 0/0
   547 ;; Data sizes:     COMRAM   BANK0   BANK1   BANK2   BANK3   BANK4   BANK5
   548 ;;      Params:         0       0       0       0       0       0       0
   549 ;;      Locals:         0       0       0       0       0       0       0
   550 ;;      Temps:          0       0       0       0       0       0       0
   551 ;;      Totals:         0       0       0       0       0       0       0
   552 ;;Total ram usage:        0 bytes
   553 ;; Hardware stack levels used: 1
   554 ;; Hardware stack levels required when called: 3
   555 ;; This function calls:
   556 ;;		Nothing
   557 ;; This function is called by:
   558 ;;		_main
   559 ;; This function uses a non-reentrant model
   560 ;;
   561                           
   562                           	psect	text3
   563  00056C                     __ptext3:
   564                           	callstack 0
   565  00056C                     _config_timer:
   566                           	callstack 27
   567  00056C                     
   568                           ;system_call.c: 24:    INTCONbits.PEIE = 1;
   569  00056C  8CF2               	bsf	242,6,c	;volatile
   570                           
   571                           ;system_call.c: 25:    INTCONbits.TMR0IE = 1;
   572  00056E  8AF2               	bsf	242,5,c	;volatile
   573                           
   574                           ;system_call.c: 26:    INTCONbits.TMR0IF = 0;
   575  000570  94F2               	bcf	242,2,c	;volatile
   576                           
   577                           ;system_call.c: 27:    T0CONbits.PSA = 0;
   578  000572  96D5               	bcf	213,3,c	;volatile
   579  000574                     
   580                           ;system_call.c: 28:    T0CONbits.T0PS = 0b010;
   581  000574  50D5               	movf	213,w,c	;volatile
   582  000576  0BF8               	andlw	-8
   583  000578  0902               	iorlw	2
   584  00057A  6ED5               	movwf	213,c	;volatile
   585  00057C                     
   586                           ;system_call.c: 29:    T0CONbits.T0CS = 0;
   587  00057C  9AD5               	bcf	213,5,c	;volatile
   588                           
   589                           ;system_call.c: 30:    TMR0L = 0;
   590  00057E  0E00               	movlw	0
   591  000580  6ED6               	movwf	214,c	;volatile
   592  000582  0012               	return		;funcret
   593  000584                     __end_of_config_timer:
   594                           	callstack 0
   595                           
   596 ;; *************** function ___wmul *****************
   597 ;; Defined at:
   598 ;;		line 15 in file "D:\MPLAB XC8\pic\sources\c99\common\Umul16.c"
   599 ;; Parameters:    Size  Location     Type
   600 ;;  multiplier      2   18[COMRAM] unsigned int 
   601 ;;  multiplicand    2   20[COMRAM] unsigned int 
   602 ;; Auto vars:     Size  Location     Type
   603 ;;  product         2   22[COMRAM] unsigned int 
   604 ;; Return value:  Size  Location     Type
   605 ;;                  2   18[COMRAM] unsigned int 
   606 ;; Registers used:
   607 ;;		wreg, status,2, status,0, prodl, prodh
   608 ;; Tracked objects:
   609 ;;		On entry : 0/0
   610 ;;		On exit  : 0/0
   611 ;;		Unchanged: 0/0
   612 ;; Data sizes:     COMRAM   BANK0   BANK1   BANK2   BANK3   BANK4   BANK5
   613 ;;      Params:         4       0       0       0       0       0       0
   614 ;;      Locals:         2       0       0       0       0       0       0
   615 ;;      Temps:          0       0       0       0       0       0       0
   616 ;;      Totals:         6       0       0       0       0       0       0
   617 ;;Total ram usage:        6 bytes
   618 ;; Hardware stack levels used: 1
   619 ;; Hardware stack levels required when called: 3
   620 ;; This function calls:
   621 ;;		Nothing
   622 ;; This function is called by:
   623 ;;		_main
   624 ;; This function uses a non-reentrant model
   625 ;;
   626                           
   627                           	psect	text4
   628  000520                     __ptext4:
   629                           	callstack 0
   630  000520                     ___wmul:
   631                           	callstack 27
   632  000520  5013               	movf	___wmul@multiplier^0,w,c
   633  000522  0215               	mulwf	___wmul@multiplicand^0,c
   634  000524  CFF3 F017          	movff	prodl,___wmul@product
   635  000528  CFF4 F018          	movff	prodh,___wmul@product+1
   636  00052C  5013               	movf	___wmul@multiplier^0,w,c
   637  00052E  0216               	mulwf	(___wmul@multiplicand+1)^0,c
   638  000530  50F3               	movf	243,w,c
   639  000532  2618               	addwf	(___wmul@product+1)^0,f,c
   640  000534  5014               	movf	(___wmul@multiplier+1)^0,w,c
   641  000536  0215               	mulwf	___wmul@multiplicand^0,c
   642  000538  50F3               	movf	243,w,c
   643  00053A  2618               	addwf	(___wmul@product+1)^0,f,c
   644  00053C  C017  F013         	movff	___wmul@product,?___wmul
   645  000540  C018  F014         	movff	___wmul@product+1,?___wmul+1
   646  000544  0012               	return		;funcret
   647  000546                     __end_of___wmul:
   648                           	callstack 0
   649                           
   650 ;; *************** function _ISR_timer *****************
   651 ;; Defined at:
   652 ;;		line 12 in file "system_call.c"
   653 ;; Parameters:    Size  Location     Type
   654 ;;		None
   655 ;; Auto vars:     Size  Location     Type
   656 ;;		None
   657 ;; Return value:  Size  Location     Type
   658 ;;                  1    wreg      void 
   659 ;; Registers used:
   660 ;;		wreg, fsr2l, fsr2h, status,2, status,0, prodl, prodh, cstack
   661 ;; Tracked objects:
   662 ;;		On entry : 0/0
   663 ;;		On exit  : 0/0
   664 ;;		Unchanged: 0/0
   665 ;; Data sizes:     COMRAM   BANK0   BANK1   BANK2   BANK3   BANK4   BANK5
   666 ;;      Params:         0       0       0       0       0       0       0
   667 ;;      Locals:         0       0       0       0       0       0       0
   668 ;;      Temps:         10       0       0       0       0       0       0
   669 ;;      Totals:        10       0       0       0       0       0       0
   670 ;;Total ram usage:       10 bytes
   671 ;; Hardware stack levels used: 1
   672 ;; Hardware stack levels required when called: 2
   673 ;; This function calls:
   674 ;;		_rr_scheduler
   675 ;;		i2___wmul
   676 ;; This function is called by:
   677 ;;		Interrupt level 2
   678 ;; This function uses a non-reentrant model
   679 ;;
   680                           
   681                           	psect	intcode
   682  000008                     __pintcode:
   683                           	callstack 0
   684  000008                     _ISR_timer:
   685                           	callstack 27
   686                           
   687                           ;incstack = 0
   688  000008  821D               	bsf	int$flags,1,c	;set compiler interrupt flag (level 2)
   689  00000A  ED09  F000         	call	int_func,f	;refresh shadow registers
   690                           
   691                           	psect	intcode_body
   692  000012                     __pintcode_body:
   693                           	callstack 27
   694  000012                     int_func:
   695                           	callstack 27
   696  000012  0006               	pop		; remove dummy address from shadow register refresh
   697  000014  CFD9 F00F          	movff	fsr2l,??_ISR_timer+6
   698  000018  CFDA F010          	movff	fsr2h,??_ISR_timer+7
   699  00001C  CFF3 F011          	movff	prodl,??_ISR_timer+8
   700  000020  CFF4 F012          	movff	prodh,??_ISR_timer+9
   701  000024  9EF2               	bcf	242,7,c	;volatile
   702  000026  281B               	incf	_vez^0,w,c
   703  000028  E108               	bnz	i2u20_40
   704  00002A  281C               	incf	(_vez+1)^0,w,c
   705  00002C  B4D8               	btfsc	status,2,c
   706  00002E  EF1B  F000         	goto	i2u20_41
   707  000032  EF1D  F000         	goto	i2u20_40
   708  000036                     i2u20_41:
   709  000036  EF86  F000         	goto	i2l51
   710  00003A                     i2u20_40:
   711  00003A  C01B  F001         	movff	_vez,i2___wmul@multiplier
   712  00003E  C01C  F002         	movff	_vez+1,i2___wmul@multiplier+1
   713  000042  0E00               	movlw	0
   714  000044  6E04               	movwf	(i2___wmul@multiplicand+1)^0,c
   715  000046  0E46               	movlw	70
   716  000048  6E03               	movwf	i2___wmul@multiplicand^0,c
   717  00004A  ECA3  F002         	call	i2___wmul	;wreg free
   718  00004E  0E2C               	movlw	low (_FILA_TAREFAS+68)
   719  000050  2401               	addwf	?i2___wmul^0,w,c
   720  000052  6ED9               	movwf	fsr2l,c
   721  000054  0E05               	movlw	high (_FILA_TAREFAS+68)
   722  000056  2002               	addwfc	(?i2___wmul+1)^0,w,c
   723  000058  6EDA               	movwf	fsr2h,c
   724  00005A  0E00               	movlw	0
   725  00005C  6EDE               	movwf	postinc2,c
   726  00005E  0E00               	movlw	0
   727  000060  6EDD               	movwf	postdec2,c
   728  000062  EF7E  F000         	goto	i2l989
   729  000066                     i2l987:
   730  000066  C01B  F001         	movff	_vez,i2___wmul@multiplier
   731  00006A  C01C  F002         	movff	_vez+1,i2___wmul@multiplier+1
   732  00006E  0E00               	movlw	0
   733  000070  6E04               	movwf	(i2___wmul@multiplicand+1)^0,c
   734  000072  0E46               	movlw	70
   735  000074  6E03               	movwf	i2___wmul@multiplicand^0,c
   736  000076  ECA3  F002         	call	i2___wmul	;wreg free
   737  00007A  0E2C               	movlw	low (_FILA_TAREFAS+68)
   738  00007C  2401               	addwf	?i2___wmul^0,w,c
   739  00007E  6ED9               	movwf	fsr2l,c
   740  000080  0E05               	movlw	high (_FILA_TAREFAS+68)
   741  000082  2002               	addwfc	(?i2___wmul+1)^0,w,c
   742  000084  6EDA               	movwf	fsr2h,c
   743  000086  CFDE F009          	movff	postinc2,??_ISR_timer
   744  00008A  CFDD F00A          	movff	postdec2,??_ISR_timer+1
   745  00008E  90D8               	bcf	status,0,c
   746  000090  3609               	rlcf	??_ISR_timer^0,f,c
   747  000092  360A               	rlcf	(??_ISR_timer+1)^0,f,c
   748  000094  C01B  F001         	movff	_vez,i2___wmul@multiplier
   749  000098  C01C  F002         	movff	_vez+1,i2___wmul@multiplier+1
   750  00009C  0E00               	movlw	0
   751  00009E  6E04               	movwf	(i2___wmul@multiplicand+1)^0,c
   752  0000A0  0E46               	movlw	70
   753  0000A2  6E03               	movwf	i2___wmul@multiplicand^0,c
   754  0000A4  ECA3  F002         	call	i2___wmul	;wreg free
   755  0000A8  0EE8               	movlw	low _FILA_TAREFAS
   756  0000AA  6E0B               	movwf	(??_ISR_timer+2)^0,c
   757  0000AC  0E04               	movlw	high _FILA_TAREFAS
   758  0000AE  6E0C               	movwf	(??_ISR_timer+3)^0,c
   759  0000B0  0E04               	movlw	4
   760  0000B2  260B               	addwf	(??_ISR_timer+2)^0,f,c
   761  0000B4  0E00               	movlw	0
   762  0000B6  220C               	addwfc	(??_ISR_timer+3)^0,f,c
   763  0000B8  5001               	movf	?i2___wmul^0,w,c
   764  0000BA  260B               	addwf	(??_ISR_timer+2)^0,f,c
   765  0000BC  5002               	movf	(?i2___wmul+1)^0,w,c
   766  0000BE  220C               	addwfc	(??_ISR_timer+3)^0,f,c
   767  0000C0  5009               	movf	??_ISR_timer^0,w,c
   768  0000C2  240B               	addwf	(??_ISR_timer+2)^0,w,c
   769  0000C4  6ED9               	movwf	fsr2l,c
   770  0000C6  500A               	movf	(??_ISR_timer+1)^0,w,c
   771  0000C8  200C               	addwfc	(??_ISR_timer+3)^0,w,c
   772  0000CA  6EDA               	movwf	fsr2h,c
   773  0000CC  CFFD FFDE          	movff	tosl,postinc2	;volatile
   774  0000D0  CFFE FFDD          	movff	tosh,postdec2	;volatile
   775  0000D4  C01B  F001         	movff	_vez,i2___wmul@multiplier
   776  0000D8  C01C  F002         	movff	_vez+1,i2___wmul@multiplier+1
   777  0000DC  0E00               	movlw	0
   778  0000DE  6E04               	movwf	(i2___wmul@multiplicand+1)^0,c
   779  0000E0  0E46               	movlw	70
   780  0000E2  6E03               	movwf	i2___wmul@multiplicand^0,c
   781  0000E4  ECA3  F002         	call	i2___wmul	;wreg free
   782  0000E8  0E2C               	movlw	low (_FILA_TAREFAS+68)
   783  0000EA  2401               	addwf	?i2___wmul^0,w,c
   784  0000EC  6ED9               	movwf	fsr2l,c
   785  0000EE  0E05               	movlw	high (_FILA_TAREFAS+68)
   786  0000F0  2002               	addwfc	(?i2___wmul+1)^0,w,c
   787  0000F2  6EDA               	movwf	fsr2h,c
   788  0000F4  2ADE               	incf	postinc2,f,c
   789  0000F6  0E00               	movlw	0
   790  0000F8  22DD               	addwfc	postdec2,f,c
   791  0000FA  0006               	pop		;# 
   792  0000FC                     i2l989:
   793  0000FC  50FC               	movf	252,w,c	;volatile
   794  0000FE  A4D8               	btfss	status,2,c
   795  000100  EF84  F000         	goto	i2u21_41
   796  000104  EF86  F000         	goto	i2u21_40
   797  000108                     i2u21_41:
   798  000108  EF33  F000         	goto	i2l987
   799  00010C                     i2u21_40:
   800  00010C                     i2l51:
   801  00010C  8EF2               	bsf	242,7,c	;volatile
   802  00010E                     
   803                           ;system_call.c: 15:    vez = rr_scheduler();
   804  00010E  EC7B  F002         	call	_rr_scheduler	;wreg free
   805  000112  C007  F01B         	movff	?_rr_scheduler,_vez
   806  000116  C008  F01C         	movff	?_rr_scheduler+1,_vez+1
   807  00011A  9EF2               	bcf	242,7,c	;volatile
   808  00011C  0E00               	movlw	0
   809  00011E  6EFC               	movwf	252,c	;volatile
   810  000120  C01B  F001         	movff	_vez,i2___wmul@multiplier
   811  000124  C01C  F002         	movff	_vez+1,i2___wmul@multiplier+1
   812  000128  0E00               	movlw	0
   813  00012A  6E04               	movwf	(i2___wmul@multiplicand+1)^0,c
   814  00012C  0E46               	movlw	70
   815  00012E  6E03               	movwf	i2___wmul@multiplicand^0,c
   816  000130  ECA3  F002         	call	i2___wmul	;wreg free
   817  000134  0E2C               	movlw	low (_FILA_TAREFAS+68)
   818  000136  2401               	addwf	?i2___wmul^0,w,c
   819  000138  6ED9               	movwf	fsr2l,c
   820  00013A  0E05               	movlw	high (_FILA_TAREFAS+68)
   821  00013C  2002               	addwfc	(?i2___wmul+1)^0,w,c
   822  00013E  6EDA               	movwf	fsr2h,c
   823  000140  0E01               	movlw	1
   824  000142  BEDB               	btfsc	plusw2,7,c
   825  000144  EFAD  F000         	goto	i2u22_41
   826  000148  0E01               	movlw	1
   827  00014A  50DB               	movf	plusw2,w,c
   828  00014C  E108               	bnz	i2u22_40
   829  00014E  04DE               	decf	postinc2,w,c
   830  000150  A0D8               	btfss	status,0,c
   831  000152  EFAD  F000         	goto	i2u22_41
   832  000156  EFAF  F000         	goto	i2u22_40
   833  00015A                     i2u22_41:
   834  00015A  EF1A  F001         	goto	i2l57
   835  00015E                     i2u22_40:
   836  00015E                     i2l58:
   837  00015E  0005               	push		;# 
   838  000160  C01B  F001         	movff	_vez,i2___wmul@multiplier
   839  000164  C01C  F002         	movff	_vez+1,i2___wmul@multiplier+1
   840  000168  0E00               	movlw	0
   841  00016A  6E04               	movwf	(i2___wmul@multiplicand+1)^0,c
   842  00016C  0E46               	movlw	70
   843  00016E  6E03               	movwf	i2___wmul@multiplicand^0,c
   844  000170  ECA3  F002         	call	i2___wmul	;wreg free
   845  000174  0E2C               	movlw	low (_FILA_TAREFAS+68)
   846  000176  2401               	addwf	?i2___wmul^0,w,c
   847  000178  6ED9               	movwf	fsr2l,c
   848  00017A  0E05               	movlw	high (_FILA_TAREFAS+68)
   849  00017C  2002               	addwfc	(?i2___wmul+1)^0,w,c
   850  00017E  6EDA               	movwf	fsr2h,c
   851  000180  06DE               	decf	postinc2,f,c
   852  000182  0E00               	movlw	0
   853  000184  5ADD               	subwfb	postdec2,f,c
   854  000186  C01B  F001         	movff	_vez,i2___wmul@multiplier
   855  00018A  C01C  F002         	movff	_vez+1,i2___wmul@multiplier+1
   856  00018E  0E00               	movlw	0
   857  000190  6E04               	movwf	(i2___wmul@multiplicand+1)^0,c
   858  000192  0E46               	movlw	70
   859  000194  6E03               	movwf	i2___wmul@multiplicand^0,c
   860  000196  ECA3  F002         	call	i2___wmul	;wreg free
   861  00019A  0E2C               	movlw	low (_FILA_TAREFAS+68)
   862  00019C  2401               	addwf	?i2___wmul^0,w,c
   863  00019E  6ED9               	movwf	fsr2l,c
   864  0001A0  0E05               	movlw	high (_FILA_TAREFAS+68)
   865  0001A2  2002               	addwfc	(?i2___wmul+1)^0,w,c
   866  0001A4  6EDA               	movwf	fsr2h,c
   867  0001A6  CFDE F009          	movff	postinc2,??_ISR_timer
   868  0001AA  CFDD F00A          	movff	postdec2,??_ISR_timer+1
   869  0001AE  90D8               	bcf	status,0,c
   870  0001B0  3609               	rlcf	??_ISR_timer^0,f,c
   871  0001B2  360A               	rlcf	(??_ISR_timer+1)^0,f,c
   872  0001B4  C01B  F001         	movff	_vez,i2___wmul@multiplier
   873  0001B8  C01C  F002         	movff	_vez+1,i2___wmul@multiplier+1
   874  0001BC  0E00               	movlw	0
   875  0001BE  6E04               	movwf	(i2___wmul@multiplicand+1)^0,c
   876  0001C0  0E46               	movlw	70
   877  0001C2  6E03               	movwf	i2___wmul@multiplicand^0,c
   878  0001C4  ECA3  F002         	call	i2___wmul	;wreg free
   879  0001C8  0EE8               	movlw	low _FILA_TAREFAS
   880  0001CA  6E0B               	movwf	(??_ISR_timer+2)^0,c
   881  0001CC  0E04               	movlw	high _FILA_TAREFAS
   882  0001CE  6E0C               	movwf	(??_ISR_timer+3)^0,c
   883  0001D0  0E04               	movlw	4
   884  0001D2  260B               	addwf	(??_ISR_timer+2)^0,f,c
   885  0001D4  0E00               	movlw	0
   886  0001D6  220C               	addwfc	(??_ISR_timer+3)^0,f,c
   887  0001D8  5001               	movf	?i2___wmul^0,w,c
   888  0001DA  260B               	addwf	(??_ISR_timer+2)^0,f,c
   889  0001DC  5002               	movf	(?i2___wmul+1)^0,w,c
   890  0001DE  220C               	addwfc	(??_ISR_timer+3)^0,f,c
   891  0001E0  5009               	movf	??_ISR_timer^0,w,c
   892  0001E2  240B               	addwf	(??_ISR_timer+2)^0,w,c
   893  0001E4  6ED9               	movwf	fsr2l,c
   894  0001E6  500A               	movf	(??_ISR_timer+1)^0,w,c
   895  0001E8  200C               	addwfc	(??_ISR_timer+3)^0,w,c
   896  0001EA  6EDA               	movwf	fsr2h,c
   897  0001EC  CFDE F00D          	movff	postinc2,??_ISR_timer+4
   898  0001F0  CFDD F00E          	movff	postdec2,??_ISR_timer+5
   899  0001F4  C00D  FFFD         	movff	??_ISR_timer+4,tosl	;volatile
   900  0001F8  C00E  FFFE         	movff	??_ISR_timer+5,tosh	;volatile
   901  0001FC  6AFF               	clrf	255,c	;volatile
   902  0001FE  C01B  F001         	movff	_vez,i2___wmul@multiplier
   903  000202  C01C  F002         	movff	_vez+1,i2___wmul@multiplier+1
   904  000206  0E00               	movlw	0
   905  000208  6E04               	movwf	(i2___wmul@multiplicand+1)^0,c
   906  00020A  0E46               	movlw	70
   907  00020C  6E03               	movwf	i2___wmul@multiplicand^0,c
   908  00020E  ECA3  F002         	call	i2___wmul	;wreg free
   909  000212  0E2C               	movlw	low (_FILA_TAREFAS+68)
   910  000214  2401               	addwf	?i2___wmul^0,w,c
   911  000216  6ED9               	movwf	fsr2l,c
   912  000218  0E05               	movlw	high (_FILA_TAREFAS+68)
   913  00021A  2002               	addwfc	(?i2___wmul+1)^0,w,c
   914  00021C  6EDA               	movwf	fsr2h,c
   915  00021E  50DE               	movf	postinc2,w,c
   916  000220  10DE               	iorwf	postinc2,w,c
   917  000222  A4D8               	btfss	status,2,c
   918  000224  EF16  F001         	goto	i2u23_41
   919  000228  EF18  F001         	goto	i2u23_40
   920  00022C                     i2u23_41:
   921  00022C  EFAF  F000         	goto	i2l58
   922  000230                     i2u23_40:
   923  000230  EF34  F001         	goto	i2l1003
   924  000234                     i2l57:
   925  000234  0005               	push		;# 
   926  000236  C01B  F001         	movff	_vez,i2___wmul@multiplier
   927  00023A  C01C  F002         	movff	_vez+1,i2___wmul@multiplier+1
   928  00023E  0E00               	movlw	0
   929  000240  6E04               	movwf	(i2___wmul@multiplicand+1)^0,c
   930  000242  0E46               	movlw	70
   931  000244  6E03               	movwf	i2___wmul@multiplicand^0,c
   932  000246  ECA3  F002         	call	i2___wmul	;wreg free
   933  00024A  0EEA               	movlw	low (_FILA_TAREFAS+2)
   934  00024C  2401               	addwf	?i2___wmul^0,w,c
   935  00024E  6ED9               	movwf	fsr2l,c
   936  000250  0E04               	movlw	high (_FILA_TAREFAS+2)
   937  000252  2002               	addwfc	(?i2___wmul+1)^0,w,c
   938  000254  6EDA               	movwf	fsr2h,c
   939  000256  CFDE F009          	movff	postinc2,??_ISR_timer
   940  00025A  CFDD F00A          	movff	postdec2,??_ISR_timer+1
   941  00025E  C009  FFFD         	movff	??_ISR_timer,tosl	;volatile
   942  000262  C00A  FFFE         	movff	??_ISR_timer+1,tosh	;volatile
   943  000266  6AFF               	clrf	255,c	;volatile
   944  000268                     i2l1003:
   945  000268  8EF2               	bsf	242,7,c	;volatile
   946  00026A                     
   947                           ;system_call.c: 17:    TMR0L = 0;
   948  00026A  0E00               	movlw	0
   949  00026C  6ED6               	movwf	214,c	;volatile
   950  00026E                     
   951                           ;system_call.c: 18:    INTCONbits.TMR0IF = 0;
   952  00026E  94F2               	bcf	242,2,c	;volatile
   953  000270  C012  FFF4         	movff	??_ISR_timer+9,prodh
   954  000274  C011  FFF3         	movff	??_ISR_timer+8,prodl
   955  000278  C010  FFDA         	movff	??_ISR_timer+7,fsr2h
   956  00027C  C00F  FFD9         	movff	??_ISR_timer+6,fsr2l
   957  000280  921D               	bcf	int$flags,1,c	;clear compiler interrupt flag (level 2)
   958  000282  0011               	retfie		f
   959  000284                     __end_of_ISR_timer:
   960                           	callstack 0
   961                           
   962 ;; *************** function i2___wmul *****************
   963 ;; Defined at:
   964 ;;		line 15 in file "D:\MPLAB XC8\pic\sources\c99\common\Umul16.c"
   965 ;; Parameters:    Size  Location     Type
   966 ;;  multiplier      2    0[COMRAM] unsigned int 
   967 ;;  multiplicand    2    2[COMRAM] unsigned int 
   968 ;; Auto vars:     Size  Location     Type
   969 ;;  product         2    4[COMRAM] unsigned int 
   970 ;; Return value:  Size  Location     Type
   971 ;;                  2    0[COMRAM] unsigned int 
   972 ;; Registers used:
   973 ;;		wreg, status,2, status,0, prodl, prodh
   974 ;; Tracked objects:
   975 ;;		On entry : 0/0
   976 ;;		On exit  : 0/0
   977 ;;		Unchanged: 0/0
   978 ;; Data sizes:     COMRAM   BANK0   BANK1   BANK2   BANK3   BANK4   BANK5
   979 ;;      Params:         4       0       0       0       0       0       0
   980 ;;      Locals:         2       0       0       0       0       0       0
   981 ;;      Temps:          0       0       0       0       0       0       0
   982 ;;      Totals:         6       0       0       0       0       0       0
   983 ;;Total ram usage:        6 bytes
   984 ;; Hardware stack levels used: 1
   985 ;; This function calls:
   986 ;;		Nothing
   987 ;; This function is called by:
   988 ;;		_ISR_timer
   989 ;; This function uses a non-reentrant model
   990 ;;
   991                           
   992                           	psect	text6
   993  000546                     __ptext6:
   994                           	callstack 0
   995  000546                     i2___wmul:
   996                           	callstack 28
   997  000546  5001               	movf	i2___wmul@multiplier^0,w,c
   998  000548  0203               	mulwf	i2___wmul@multiplicand^0,c
   999  00054A  CFF3 F005          	movff	prodl,i2___wmul@product
  1000  00054E  CFF4 F006          	movff	prodh,i2___wmul@product+1
  1001  000552  5001               	movf	i2___wmul@multiplier^0,w,c
  1002  000554  0204               	mulwf	(i2___wmul@multiplicand+1)^0,c
  1003  000556  50F3               	movf	243,w,c
  1004  000558  2606               	addwf	(i2___wmul@product+1)^0,f,c
  1005  00055A  5002               	movf	(i2___wmul@multiplier+1)^0,w,c
  1006  00055C  0203               	mulwf	i2___wmul@multiplicand^0,c
  1007  00055E  50F3               	movf	243,w,c
  1008  000560  2606               	addwf	(i2___wmul@product+1)^0,f,c
  1009  000562  C005  F001         	movff	i2___wmul@product,?i2___wmul
  1010  000566  C006  F002         	movff	i2___wmul@product+1,?i2___wmul+1
  1011  00056A  0012               	return		;funcret
  1012  00056C                     __end_ofi2___wmul:
  1013                           	callstack 0
  1014                           
  1015 ;; *************** function _rr_scheduler *****************
  1016 ;; Defined at:
  1017 ;;		line 6 in file "system_call.c"
  1018 ;; Parameters:    Size  Location     Type
  1019 ;;		None
  1020 ;; Auto vars:     Size  Location     Type
  1021 ;;		None
  1022 ;; Return value:  Size  Location     Type
  1023 ;;                  2    6[COMRAM] unsigned int 
  1024 ;; Registers used:
  1025 ;;		wreg, status,2, status,0, cstack
  1026 ;; Tracked objects:
  1027 ;;		On entry : 0/0
  1028 ;;		On exit  : 0/0
  1029 ;;		Unchanged: 0/0
  1030 ;; Data sizes:     COMRAM   BANK0   BANK1   BANK2   BANK3   BANK4   BANK5
  1031 ;;      Params:         2       0       0       0       0       0       0
  1032 ;;      Locals:         0       0       0       0       0       0       0
  1033 ;;      Temps:          0       0       0       0       0       0       0
  1034 ;;      Totals:         2       0       0       0       0       0       0
  1035 ;;Total ram usage:        2 bytes
  1036 ;; Hardware stack levels used: 1
  1037 ;; Hardware stack levels required when called: 1
  1038 ;; This function calls:
  1039 ;;		___awmod
  1040 ;; This function is called by:
  1041 ;;		_ISR_timer
  1042 ;; This function uses a non-reentrant model
  1043 ;;
  1044                           
  1045                           	psect	text7
  1046  0004F6                     __ptext7:
  1047                           	callstack 0
  1048  0004F6                     _rr_scheduler:
  1049                           	callstack 27
  1050  0004F6                     
  1051                           ;system_call.c: 8:    vez = (vez + 1) % tasks_installed;
  1052  0004F6  0E01               	movlw	1
  1053  0004F8  241B               	addwf	_vez^0,w,c
  1054  0004FA  6E01               	movwf	___awmod@dividend^0,c
  1055  0004FC  0E00               	movlw	0
  1056  0004FE  201C               	addwfc	(_vez+1)^0,w,c
  1057  000500  6E02               	movwf	(___awmod@dividend+1)^0,c
  1058  000502  C019  F003         	movff	_tasks_installed,___awmod@divisor
  1059  000506  C01A  F004         	movff	_tasks_installed+1,___awmod@divisor+1
  1060  00050A  EC06  F002         	call	___awmod	;wreg free
  1061  00050E  C001  F01B         	movff	?___awmod,_vez
  1062  000512  C002  F01C         	movff	?___awmod+1,_vez+1
  1063  000516                     
  1064                           ;system_call.c: 9:    return vez;
  1065  000516  C01B  F007         	movff	_vez,?_rr_scheduler
  1066  00051A  C01C  F008         	movff	_vez+1,?_rr_scheduler+1
  1067  00051E  0012               	return		;funcret
  1068  000520                     __end_of_rr_scheduler:
  1069                           	callstack 0
  1070                           
  1071 ;; *************** function ___awmod *****************
  1072 ;; Defined at:
  1073 ;;		line 7 in file "D:\MPLAB XC8\pic\sources\c99\common\awmod.c"
  1074 ;; Parameters:    Size  Location     Type
  1075 ;;  dividend        2    0[COMRAM] int 
  1076 ;;  divisor         2    2[COMRAM] int 
  1077 ;; Auto vars:     Size  Location     Type
  1078 ;;  sign            1    5[COMRAM] unsigned char 
  1079 ;;  counter         1    4[COMRAM] unsigned char 
  1080 ;; Return value:  Size  Location     Type
  1081 ;;                  2    0[COMRAM] int 
  1082 ;; Registers used:
  1083 ;;		wreg, status,2, status,0
  1084 ;; Tracked objects:
  1085 ;;		On entry : 0/0
  1086 ;;		On exit  : 0/0
  1087 ;;		Unchanged: 0/0
  1088 ;; Data sizes:     COMRAM   BANK0   BANK1   BANK2   BANK3   BANK4   BANK5
  1089 ;;      Params:         4       0       0       0       0       0       0
  1090 ;;      Locals:         2       0       0       0       0       0       0
  1091 ;;      Temps:          0       0       0       0       0       0       0
  1092 ;;      Totals:         6       0       0       0       0       0       0
  1093 ;;Total ram usage:        6 bytes
  1094 ;; Hardware stack levels used: 1
  1095 ;; This function calls:
  1096 ;;		Nothing
  1097 ;; This function is called by:
  1098 ;;		_rr_scheduler
  1099 ;; This function uses a non-reentrant model
  1100 ;;
  1101                           
  1102                           	psect	text8
  1103  00040C                     __ptext8:
  1104                           	callstack 0
  1105  00040C                     ___awmod:
  1106                           	callstack 27
  1107  00040C  0E00               	movlw	0
  1108  00040E  6E06               	movwf	___awmod@sign^0,c
  1109  000410  BE02               	btfsc	(___awmod@dividend+1)^0,7,c
  1110  000412  EF0F  F002         	goto	i2u14_40
  1111  000416  EF0D  F002         	goto	i2u14_41
  1112  00041A                     i2u14_41:
  1113  00041A  EF15  F002         	goto	i2l907
  1114  00041E                     i2u14_40:
  1115  00041E  6C01               	negf	___awmod@dividend^0,c
  1116  000420  1E02               	comf	(___awmod@dividend+1)^0,f,c
  1117  000422  B0D8               	btfsc	status,0,c
  1118  000424  2A02               	incf	(___awmod@dividend+1)^0,f,c
  1119  000426  0E01               	movlw	1
  1120  000428  6E06               	movwf	___awmod@sign^0,c
  1121  00042A                     i2l907:
  1122  00042A  BE04               	btfsc	(___awmod@divisor+1)^0,7,c
  1123  00042C  EF1C  F002         	goto	i2u15_40
  1124  000430  EF1A  F002         	goto	i2u15_41
  1125  000434                     i2u15_41:
  1126  000434  EF20  F002         	goto	i2l911
  1127  000438                     i2u15_40:
  1128  000438  6C03               	negf	___awmod@divisor^0,c
  1129  00043A  1E04               	comf	(___awmod@divisor+1)^0,f,c
  1130  00043C  B0D8               	btfsc	status,0,c
  1131  00043E  2A04               	incf	(___awmod@divisor+1)^0,f,c
  1132  000440                     i2l911:
  1133  000440  5003               	movf	___awmod@divisor^0,w,c
  1134  000442  1004               	iorwf	(___awmod@divisor+1)^0,w,c
  1135  000444  B4D8               	btfsc	status,2,c
  1136  000446  EF27  F002         	goto	i2u16_41
  1137  00044A  EF29  F002         	goto	i2u16_40
  1138  00044E                     i2u16_41:
  1139  00044E  EF4D  F002         	goto	i2l927
  1140  000452                     i2u16_40:
  1141  000452  0E01               	movlw	1
  1142  000454  6E05               	movwf	___awmod@counter^0,c
  1143  000456  EF31  F002         	goto	i2l917
  1144  00045A                     i2l915:
  1145  00045A  90D8               	bcf	status,0,c
  1146  00045C  3603               	rlcf	___awmod@divisor^0,f,c
  1147  00045E  3604               	rlcf	(___awmod@divisor+1)^0,f,c
  1148  000460  2A05               	incf	___awmod@counter^0,f,c
  1149  000462                     i2l917:
  1150  000462  AE04               	btfss	(___awmod@divisor+1)^0,7,c
  1151  000464  EF36  F002         	goto	i2u17_41
  1152  000468  EF38  F002         	goto	i2u17_40
  1153  00046C                     i2u17_41:
  1154  00046C  EF2D  F002         	goto	i2l915
  1155  000470                     i2u17_40:
  1156  000470                     i2l919:
  1157  000470  5003               	movf	___awmod@divisor^0,w,c
  1158  000472  5C01               	subwf	___awmod@dividend^0,w,c
  1159  000474  5004               	movf	(___awmod@divisor+1)^0,w,c
  1160  000476  5802               	subwfb	(___awmod@dividend+1)^0,w,c
  1161  000478  A0D8               	btfss	status,0,c
  1162  00047A  EF41  F002         	goto	i2u18_41
  1163  00047E  EF43  F002         	goto	i2u18_40
  1164  000482                     i2u18_41:
  1165  000482  EF47  F002         	goto	i2l923
  1166  000486                     i2u18_40:
  1167  000486  5003               	movf	___awmod@divisor^0,w,c
  1168  000488  5E01               	subwf	___awmod@dividend^0,f,c
  1169  00048A  5004               	movf	(___awmod@divisor+1)^0,w,c
  1170  00048C  5A02               	subwfb	(___awmod@dividend+1)^0,f,c
  1171  00048E                     i2l923:
  1172  00048E  90D8               	bcf	status,0,c
  1173  000490  3204               	rrcf	(___awmod@divisor+1)^0,f,c
  1174  000492  3203               	rrcf	___awmod@divisor^0,f,c
  1175  000494  2E05               	decfsz	___awmod@counter^0,f,c
  1176  000496  EF38  F002         	goto	i2l919
  1177  00049A                     i2l927:
  1178  00049A  5006               	movf	___awmod@sign^0,w,c
  1179  00049C  B4D8               	btfsc	status,2,c
  1180  00049E  EF53  F002         	goto	i2u19_41
  1181  0004A2  EF55  F002         	goto	i2u19_40
  1182  0004A6                     i2u19_41:
  1183  0004A6  EF59  F002         	goto	i2l931
  1184  0004AA                     i2u19_40:
  1185  0004AA  6C01               	negf	___awmod@dividend^0,c
  1186  0004AC  1E02               	comf	(___awmod@dividend+1)^0,f,c
  1187  0004AE  B0D8               	btfsc	status,0,c
  1188  0004B0  2A02               	incf	(___awmod@dividend+1)^0,f,c
  1189  0004B2                     i2l931:
  1190  0004B2  C001  F001         	movff	___awmod@dividend,?___awmod
  1191  0004B6  C002  F002         	movff	___awmod@dividend+1,?___awmod+1
  1192  0004BA  0012               	return		;funcret
  1193  0004BC                     __end_of___awmod:
  1194                           	callstack 0
  1195  0000                     
  1196                           	psect	rparam
  1197  0000                     
  1198                           	psect	temp
  1199  00001D                     btemp:
  1200                           	callstack 0
  1201  00001D                     	ds	1
  1202  0000                     int$flags	set	btemp
  1203  0000                     wtemp8	set	btemp+1
  1204  0000                     ttemp5	set	btemp+1
  1205  0000                     ttemp6	set	btemp+4
  1206  0000                     ttemp7	set	btemp+8
  1207                           
  1208                           	psect	idloc
  1209                           
  1210                           ;Config register IDLOC0 @ 0x200000
  1211                           ;	unspecified, using default values
  1212  200000                     	org	2097152
  1213  200000  FF                 	db	255
  1214                           
  1215                           ;Config register IDLOC1 @ 0x200001
  1216                           ;	unspecified, using default values
  1217  200001                     	org	2097153
  1218  200001  FF                 	db	255
  1219                           
  1220                           ;Config register IDLOC2 @ 0x200002
  1221                           ;	unspecified, using default values
  1222  200002                     	org	2097154
  1223  200002  FF                 	db	255
  1224                           
  1225                           ;Config register IDLOC3 @ 0x200003
  1226                           ;	unspecified, using default values
  1227  200003                     	org	2097155
  1228  200003  FF                 	db	255
  1229                           
  1230                           ;Config register IDLOC4 @ 0x200004
  1231                           ;	unspecified, using default values
  1232  200004                     	org	2097156
  1233  200004  FF                 	db	255
  1234                           
  1235                           ;Config register IDLOC5 @ 0x200005
  1236                           ;	unspecified, using default values
  1237  200005                     	org	2097157
  1238  200005  FF                 	db	255
  1239                           
  1240                           ;Config register IDLOC6 @ 0x200006
  1241                           ;	unspecified, using default values
  1242  200006                     	org	2097158
  1243  200006  FF                 	db	255
  1244                           
  1245                           ;Config register IDLOC7 @ 0x200007
  1246                           ;	unspecified, using default values
  1247  200007                     	org	2097159
  1248  200007  FF                 	db	255
  1249                           
  1250                           	psect	config
  1251                           
  1252                           ; Padding undefined space
  1253  300000                     	org	3145728
  1254  300000  FF                 	db	255
  1255                           
  1256                           ;Config register CONFIG1H @ 0x300001
  1257                           ;	unspecified, using default values
  1258                           ;	Oscillator Selection bits
  1259                           ;	OSC = 0x7, unprogrammed default
  1260                           ;	Fail-Safe Clock Monitor Enable bit
  1261                           ;	FCMEN = 0x0, unprogrammed default
  1262                           ;	Internal/External Oscillator Switchover bit
  1263                           ;	IESO = 0x0, unprogrammed default
  1264  300001                     	org	3145729
  1265  300001  07                 	db	7
  1266                           
  1267                           ;Config register CONFIG2L @ 0x300002
  1268                           ;	unspecified, using default values
  1269                           ;	Power-up Timer Enable bit
  1270                           ;	PWRT = 0x1, unprogrammed default
  1271                           ;	Brown-out Reset Enable bits
  1272                           ;	BOREN = 0x3, unprogrammed default
  1273                           ;	Brown Out Reset Voltage bits
  1274                           ;	BORV = 0x3, unprogrammed default
  1275  300002                     	org	3145730
  1276  300002  1F                 	db	31
  1277                           
  1278                           ;Config register CONFIG2H @ 0x300003
  1279                           ;	Watchdog Timer Enable bit
  1280                           ;	WDT = OFF, WDT disabled (control is placed on the SWDTEN bit)
  1281                           ;	Watchdog Timer Postscale Select bits
  1282                           ;	WDTPS = 0xF, unprogrammed default
  1283  300003                     	org	3145731
  1284  300003  1E                 	db	30
  1285                           
  1286                           ; Padding undefined space
  1287  300004                     	org	3145732
  1288  300004  FF                 	db	255
  1289                           
  1290                           ;Config register CONFIG3H @ 0x300005
  1291                           ;	unspecified, using default values
  1292                           ;	CCP2 MUX bit
  1293                           ;	CCP2MX = 0x1, unprogrammed default
  1294                           ;	PORTB A/D Enable bit
  1295                           ;	PBADEN = 0x1, unprogrammed default
  1296                           ;	Low-Power Timer1 Oscillator Enable bit
  1297                           ;	LPT1OSC = 0x0, unprogrammed default
  1298                           ;	MCLR Pin Enable bit
  1299                           ;	MCLRE = 0x1, unprogrammed default
  1300  300005                     	org	3145733
  1301  300005  83                 	db	131
  1302                           
  1303                           ;Config register CONFIG4L @ 0x300006
  1304                           ;	unspecified, using default values
  1305                           ;	Stack Full/Underflow Reset Enable bit
  1306                           ;	STVREN = 0x1, unprogrammed default
  1307                           ;	Single-Supply ICSP Enable bit
  1308                           ;	LVP = 0x1, unprogrammed default
  1309                           ;	Extended Instruction Set Enable bit
  1310                           ;	XINST = 0x0, unprogrammed default
  1311                           ;	Background Debugger Enable bit
  1312                           ;	DEBUG = 0x1, unprogrammed default
  1313  300006                     	org	3145734
  1314  300006  85                 	db	133
  1315                           
  1316                           ; Padding undefined space
  1317  300007                     	org	3145735
  1318  300007  FF                 	db	255
  1319                           
  1320                           ;Config register CONFIG5L @ 0x300008
  1321                           ;	unspecified, using default values
  1322                           ;	Code Protection bit
  1323                           ;	CP0 = 0x1, unprogrammed default
  1324                           ;	Code Protection bit
  1325                           ;	CP1 = 0x1, unprogrammed default
  1326                           ;	Code Protection bit
  1327                           ;	CP2 = 0x1, unprogrammed default
  1328                           ;	Code Protection bit
  1329                           ;	CP3 = 0x1, unprogrammed default
  1330  300008                     	org	3145736
  1331  300008  0F                 	db	15
  1332                           
  1333                           ;Config register CONFIG5H @ 0x300009
  1334                           ;	unspecified, using default values
  1335                           ;	Boot Block Code Protection bit
  1336                           ;	CPB = 0x1, unprogrammed default
  1337                           ;	Data EEPROM Code Protection bit
  1338                           ;	CPD = 0x1, unprogrammed default
  1339  300009                     	org	3145737
  1340  300009  C0                 	db	192
  1341                           
  1342                           ;Config register CONFIG6L @ 0x30000A
  1343                           ;	unspecified, using default values
  1344                           ;	Write Protection bit
  1345                           ;	WRT0 = 0x1, unprogrammed default
  1346                           ;	Write Protection bit
  1347                           ;	WRT1 = 0x1, unprogrammed default
  1348                           ;	Write Protection bit
  1349                           ;	WRT2 = 0x1, unprogrammed default
  1350                           ;	Write Protection bit
  1351                           ;	WRT3 = 0x1, unprogrammed default
  1352  30000A                     	org	3145738
  1353  30000A  0F                 	db	15
  1354                           
  1355                           ;Config register CONFIG6H @ 0x30000B
  1356                           ;	unspecified, using default values
  1357                           ;	Configuration Register Write Protection bit
  1358                           ;	WRTC = 0x1, unprogrammed default
  1359                           ;	Boot Block Write Protection bit
  1360                           ;	WRTB = 0x1, unprogrammed default
  1361                           ;	Data EEPROM Write Protection bit
  1362                           ;	WRTD = 0x1, unprogrammed default
  1363  30000B                     	org	3145739
  1364  30000B  E0                 	db	224
  1365                           
  1366                           ;Config register CONFIG7L @ 0x30000C
  1367                           ;	unspecified, using default values
  1368                           ;	Table Read Protection bit
  1369                           ;	EBTR0 = 0x1, unprogrammed default
  1370                           ;	Table Read Protection bit
  1371                           ;	EBTR1 = 0x1, unprogrammed default
  1372                           ;	Table Read Protection bit
  1373                           ;	EBTR2 = 0x1, unprogrammed default
  1374                           ;	Table Read Protection bit
  1375                           ;	EBTR3 = 0x1, unprogrammed default
  1376  30000C                     	org	3145740
  1377  30000C  0F                 	db	15
  1378                           
  1379                           ;Config register CONFIG7H @ 0x30000D
  1380                           ;	unspecified, using default values
  1381                           ;	Boot Block Table Read Protection bit
  1382                           ;	EBTRB = 0x1, unprogrammed default
  1383  30000D                     	org	3145741
  1384  30000D  40                 	db	64
  1385                           tosu	equ	0xFFF
  1386                           tosh	equ	0xFFE
  1387                           tosl	equ	0xFFD
  1388                           stkptr	equ	0xFFC
  1389                           pclatu	equ	0xFFB
  1390                           pclath	equ	0xFFA
  1391                           pcl	equ	0xFF9
  1392                           tblptru	equ	0xFF8
  1393                           tblptrh	equ	0xFF7
  1394                           tblptrl	equ	0xFF6
  1395                           tablat	equ	0xFF5
  1396                           prodh	equ	0xFF4
  1397                           prodl	equ	0xFF3
  1398                           indf0	equ	0xFEF
  1399                           postinc0	equ	0xFEE
  1400                           postdec0	equ	0xFED
  1401                           preinc0	equ	0xFEC
  1402                           plusw0	equ	0xFEB
  1403                           fsr0h	equ	0xFEA
  1404                           fsr0l	equ	0xFE9
  1405                           wreg	equ	0xFE8
  1406                           indf1	equ	0xFE7
  1407                           postinc1	equ	0xFE6
  1408                           postdec1	equ	0xFE5
  1409                           preinc1	equ	0xFE4
  1410                           plusw1	equ	0xFE3
  1411                           fsr1h	equ	0xFE2
  1412                           fsr1l	equ	0xFE1
  1413                           bsr	equ	0xFE0
  1414                           indf2	equ	0xFDF
  1415                           postinc2	equ	0xFDE
  1416                           postdec2	equ	0xFDD
  1417                           preinc2	equ	0xFDC
  1418                           plusw2	equ	0xFDB
  1419                           fsr2h	equ	0xFDA
  1420                           fsr2l	equ	0xFD9
  1421                           status	equ	0xFD8

Data Sizes:
    Strings     0
    Constant    0
    Data        2
    BSS         282
    Persistent  0
    Stack       0

Auto Spaces:
    Space          Size  Autos    Used
    COMRAM          126     24      28
    BANK0           128      0       0
    BANK1           256      0       0
    BANK2           256      0       0
    BANK3           256      0       0
    BANK4           256      0       0
    BANK5           256      0       0

Pointer List with Targets:

    S25pcb$task_ptr	PTR FTN()void  size(2) Largest target is 1
		 -> t3(), t2(), t1(), 

    FILA_TAREFAS.task_ptr	PTR FTN()void  size(2) Largest target is 1
		 -> t3(), t2(), t1(), 


Critical Paths under _main in COMRAM

    _main->___wmul

Critical Paths under _ISR_timer in COMRAM

    _ISR_timer->_rr_scheduler
    _rr_scheduler->___awmod

Critical Paths under _main in BANK0

    None.

Critical Paths under _ISR_timer in BANK0

    None.

Critical Paths under _main in BANK1

    None.

Critical Paths under _ISR_timer in BANK1

    None.

Critical Paths under _main in BANK2

    None.

Critical Paths under _ISR_timer in BANK2

    None.

Critical Paths under _main in BANK3

    None.

Critical Paths under _ISR_timer in BANK3

    None.

Critical Paths under _main in BANK4

    None.

Critical Paths under _ISR_timer in BANK4

    None.

Critical Paths under _main in BANK5

    None.

Critical Paths under _ISR_timer in BANK5

    None.

Call Graph Tables:

 ---------------------------------------------------------------------------------
 (Depth) Function   	        Calls       Base Space   Used Autos Params    Refs
 ---------------------------------------------------------------------------------
 (0) _main                                                 0     0      0    2527
                             ___wmul
                       _config_timer
                  _config_user_tasks
                       _start_kernel
 ---------------------------------------------------------------------------------
 (1) _start_kernel                                         0     0      0       0
 ---------------------------------------------------------------------------------
 (1) _config_user_tasks                                    0     0      0       0
 ---------------------------------------------------------------------------------
 (1) _config_timer                                         0     0      0       0
 ---------------------------------------------------------------------------------
 (1) ___wmul                                               6     2      4    2527
                                             18 COMRAM     6     2      4
 ---------------------------------------------------------------------------------
 Estimated maximum stack depth 1
 ---------------------------------------------------------------------------------
 (Depth) Function   	        Calls       Base Space   Used Autos Params    Refs
 ---------------------------------------------------------------------------------
 (2) _ISR_timer                                           10    10      0    1127
                                              8 COMRAM    10    10      0
                       _rr_scheduler
                           i2___wmul
 ---------------------------------------------------------------------------------
 (3) i2___wmul                                             6     2      4     679
                                              0 COMRAM     6     2      4
 ---------------------------------------------------------------------------------
 (3) _rr_scheduler                                         2     0      2     448
                                              6 COMRAM     2     0      2
                            ___awmod
 ---------------------------------------------------------------------------------
 (4) ___awmod                                              6     2      4     448
                                              0 COMRAM     6     2      4
 ---------------------------------------------------------------------------------
 Estimated maximum stack depth 4
 ---------------------------------------------------------------------------------

 Call Graph Graphs:

 _main (ROOT)
   ___wmul
   _config_timer
   _config_user_tasks
   _start_kernel

 _ISR_timer (ROOT)
   _rr_scheduler
     ___awmod
   i2___wmul

 Address spaces:
Name               Size   Autos  Total    Cost      Usage
BIGRAM             5FF      0     118      17       18.2%
EEDATA             100      0       0       0        0.0%
BITBANK5           100      0       0      16        0.0%
BANK5              100      0       0      14        0.0%
BITBANK4           100      0       0      12        0.0%
BANK4              100      0       0      13        0.0%
BITBANK3           100      0       0      10        0.0%
BANK3              100      0       0      11        0.0%
BITBANK2           100      0       0       8        0.0%
BANK2              100      0       0       9        0.0%
BITBANK1           100      0       0       6        0.0%
BANK1              100      0       0       7        0.0%
BITBANK0            80      0       0       4        0.0%
BANK0               80      0       0       5        0.0%
BITCOMRAM           7E      0       0       0        0.0%
COMRAM              7E     18      1C       1       22.2%
BITSFR               0      0       0     200        0.0%
SFR                  0      0       0     200        0.0%
STACK                0      0       0       2        0.0%
NULL                 0      0       0       0        0.0%
ABS                  0      0      1C      15        0.0%
DATA                 0      0     134       3        0.0%
CODE                 0      0       0       0        0.0%


Microchip Technology PIC18 Macro Assembler V2.32 build 20210201212658 
Symbol Table                                                                                   Mon Jul 12 14:48:24 2021

     __size_of_start_kernel 0006   __end_of_config_user_tasks 058C                          l23 0404  
                        l24 0404                          l65 0582                          l68 0590  
                        l77 058A                          l98 0544                          _t1 000000  
                        _t2 000000                          _t3 000000         ___wmul@multiplicand 0015  
                       l811 0574                         l813 057C                         l807 0584  
                       l815 058C                         l809 056C                         l817 058E  
                       l941 0520                         l943 053C                         l961 0300  
                       l953 0284                         l971 0380                         l963 0304  
                       l955 0288                         l981 0400                         l973 03A8  
                       l965 032C                         l957 02B0                         l975 03D0  
                       l967 0354                         l959 02D8                         l977 03F8  
                       l969 037C                         l979 03FC                         _TOS 000FFD  
                       _vez 001B                ___awmod@sign 0006                        i2l50 0024  
                      i2l51 010C                        i2l45 051E                        i2l62 0270  
                      i2l57 0234                        i2l58 015E                        i2l98 056A  
              _start_kernel 058C                        _main 0284                        fsr1h 000FE2  
                      fsr2h 000FDA                        fsr1l 000FE1                        fsr2l 000FD9  
                      btemp 001D                        prodh 000FF4                        prodl 000FF3  
                      start 000E              ??_config_timer 0013                ___param_bank 000000  
                     ?_main 0001             _tasks_installed 0019             __end_of___awmod 04BC  
                     i2l342 04BA                       i2l901 0410                       i2l911 0440  
                     i2l903 041E                       i2l921 0486                       i2l913 0452  
                     i2l905 0426                       i2l931 04B2                       i2l923 048E  
                     i2l915 045A                       i2l907 042A                       i2l925 0494  
                     i2l917 0462                       i2l909 0438                       i2l919 0470  
                     i2l927 049A                       i2l935 04F6                       i2l929 04AA  
                     i2l937 0516                       i2l947 0546                       i2l949 0562  
                     i2l991 010E                       i2l983 0026                       i2l993 011A  
                     i2l985 003A                       i2l899 040C                       i2l995 011C  
                     i2l987 0066                       i2l997 0120                       i2l989 00FC  
                     i2l999 0160                       _TMR0L 000FD6          __size_of_ISR_timer 027C  
                     tablat 000FF5            __end_ofi2___wmul 056C                       plusw2 000FDB  
                     ttemp5 001E                       ttemp6 0021                       ttemp7 0025  
                     status 000FD8                       wtemp8 001E             __initialization 04BC  
              __end_of_main 040C  __size_of_config_user_tasks 0008                      ??_main 0019  
             __activetblptr 000000                      i2l1001 0236                      i2l1003 0268  
                    i2l1005 026A                      i2l1007 026E                      _STKPTR 000FFC  
         __end_of_ISR_timer 0284                      ___wmul 0520                   ??___awmod 0005  
                    clear_0 04DC             ___awmod@divisor 0003                      isa$std 000001  
           ___awmod@counter 0005                __pdataCOMRAM 001B        __end_of_config_timer 0584  
                    tblptrh 000FF7                      tblptrl 000FF6                      tblptru 000FF8  
                __accesstop 0080     __end_of__initialization 04EC               ___rparam_used 000001  
            __pcstackCOMRAM 0001                   ?i2___wmul 0001                _FILA_TAREFAS 04E8  
                   ?___wmul 0013                  ??i2___wmul 0005                     i2u20_40 003A  
                   i2u20_41 0036                     i2u21_40 010C                     i2u21_41 0108  
                   i2u14_40 041E                     i2u22_40 015E                     i2u14_41 041A  
                   i2u22_41 015A                     i2u15_40 0438                     i2u23_40 0230  
                   i2u15_41 0434                     i2u23_41 022C                     i2u16_40 0452  
                   i2u16_41 044E                     i2u17_40 0470                     i2u17_41 046C  
                   i2u18_40 0486                     i2u18_41 0482                     i2u19_40 04AA  
                   i2u19_41 04A6                     __Hparam 0000                     __Lparam 0000  
                   ___awmod 040C             __size_of___wmul 0026                     __pcinit 04BC  
     __size_of_config_timer 0018                     __ramtop 0600                     __ptext0 0284  
                   __ptext1 058C                     __ptext2 0584                     __ptext3 056C  
                   __ptext4 0520                     __ptext6 0546                     __ptext7 04F6  
                   __ptext8 040C                   _T0CONbits 000FD5            ___awmod@dividend 0001  
            __pintcode_body 0012        end_of_initialization 04EC                     int_func 0012  
       i2___wmul@multiplier 0001                _config_timer 056C                     postdec1 000FE5  
                   postdec2 000FDD               ?_rr_scheduler 0007                     postinc0 000FEE  
                   postinc2 000FDE                   _ISR_timer 0008                   _PORTDbits 000F83  
                 _TRISDbits 000F95              ??_rr_scheduler 0009              __end_of___wmul 0546  
             __pidataCOMRAM 0592                  ?_ISR_timer 0001            i2___wmul@product 0005  
       start_initialization 04BC           __size_ofi2___wmul 0026               ?_start_kernel 0001  
                  ??___wmul 0017                 __pbssBIGRAM 04E8                 __pbssCOMRAM 0019  
            ??_start_kernel 0013                   __pintcode 0008                    ?___awmod 0001  
               ??_ISR_timer 0009        __end_of_rr_scheduler 0520              ___wmul@product 0017  
                  _LATDbits 000F8C           ___wmul@multiplier 0013                    i2___wmul 0546  
                  __Hrparam 0000                    __Lrparam 0000            __size_of___awmod 00B0  
     i2___wmul@multiplicand 0003        __end_of_start_kernel 0592               __size_of_main 0188  
                  isa$xinst 000000                    int$flags 001D       __size_of_rr_scheduler 002A  
                _INTCONbits 000FF2                    intlevel2 0000                _rr_scheduler 04F6  
         _config_user_tasks 0584          ?_config_user_tasks 0001         ??_config_user_tasks 0013  
             ?_config_timer 0001  
